[links_parser.py.make_dirs:90]  - mkdir data/orgtekhnika/
[links_parser.py.make_dirs:90]  - mkdir data/kartridzhi/
[links_parser.py.make_dirs:90]  - mkdir data/ofisnye-tovary/
[links_parser.py.make_dirs:90]  - mkdir data/kompyuternoe-oborudovanie/
[links_parser.py.make_dirs:90]  - mkdir data/stopkoronavirus/
[links_parser.py.make_dirs:90]  - mkdir data/elektronika/
[links_parser.py.make_dirs:90]  - mkdir data/televizory-audio-video/
[links_parser.py.make_dirs:90]  - mkdir data/prezentatsionnoe-oborudovanie/
[links_parser.py.main:252] orgtekhnika:
[links_parser.py.main:255] 	https://zvk.ru/catalog/orgtekhnika/printery/
[links_parser.py._parse:243] {'BROTHER': '17', 'CANON': '40', 'EPSON': '40', 'HP': '55', 'KONICA-MINOLTA': '11', 'KYOCERA': '21', 'LEXMARK': '24', 'OKI': '40', 'PANTUM': '12', 'RICOH': '18', 'SHARP': '4', 'XEROX': '25'}
[links_parser.py._click_all_elements_in:221]  'Бренд': select all elements...
[links_parser.py._click_all_elements_in:221]  'Бренд': unselect all elements...
[links_parser.py.make_links:94]  row_url='https://zvk.ru/catalog/orgtekhnika/printery/filter/brand-is-brother-or-canon-or-epson-or-hp-or-konica-minolta-or-kyocera-or-lexmark-or-oki-or-pantum-or-ricoh-or-sharp-or-xerox/'

[links_parser.py._parse:243] {'А4': '232', 'А3': '63', 'А0': '1', 'А2': '1', 'А6': '2'}
[links_parser.py._click_all_elements_in:221]  'Формат': select all elements...
[links_parser.py._click_all_elements_in:221]  'Формат': unselect all elements...
[links_parser.py.make_links:94]  row_url='https://zvk.ru/catalog/orgtekhnika/printery/filter/max_format-is-a4/'

[links_parser.py._parse:243] {'Лазерный': '178', 'Матричный': '26', 'Светодиодный': '46', 'Струйный': '51', 'Термопечать': '5'}
[links_parser.py._click_all_elements_in:221]  'Технология печати': select all elements...
[links_parser.py._click_all_elements_in:221]  'Технология печати': unselect all elements...
[links_parser.py.make_links:94]  row_url='https://zvk.ru/catalog/orgtekhnika/printery/filter/tekhnologiya_pechati-is-lasernyy-or-termopechat/'

[links_parser.py._parse:243] {'Цветной': '146', 'Черно-белый': '157'}
[links_parser.py._click_all_elements_in:221]  'Цветность печати': select all elements...
[links_parser.py._click_all_elements_in:221]  'Цветность печати': unselect all elements...
[links_parser.py.make_links:94]  row_url='https://zvk.ru/catalog/orgtekhnika/printery/filter/tsvetnost_pechati-is-tsvetnoy-or-cherno_belyy/'

[links_parser.py._parse:243] {'Есть': '234', 'Нет': '58', 'Опция': '4'}
[links_parser.py._click_all_elements_in:221]  'Сетевое подключение (RJ-45)': select all elements...
[links_parser.py._click_all_elements_in:221]  'Сетевое подключение (RJ-45)': unselect all elements...
[links_parser.py.make_links:94]  row_url='https://zvk.ru/catalog/orgtekhnika/printery/filter/network-is-est-or-net-or-optsija/'

[links_parser.py._parse:243] {'Есть': '117', 'Опция': '57', 'Нет': '118'}
[links_parser.py._click_all_elements_in:221]  'Поддержка Wi-Fi': select all elements...
[links_parser.py._click_all_elements_in:221]  'Поддержка Wi-Fi': unselect all elements...
[links_parser.py.make_links:94]  row_url='https://zvk.ru/catalog/orgtekhnika/printery/filter/wifi-is-est-or-optsija-or-net/'

[links_parser.py._parse:243] {'Есть': '207', 'Нет': '85', 'Опция': '1'}
[links_parser.py._click_all_elements_in:221]  'Двусторонняя печать': select all elements...
[links_parser.py._click_all_elements_in:221]  'Двусторонняя печать': unselect all elements...
[links_parser.py.make_links:94]  row_url='https://zvk.ru/catalog/orgtekhnika/printery/filter/dvustoronnyaya_pechat-is-yes-or-not-or-optsija/'

[links_parser.py._parse:243] {'Есть': '18', 'Нет': '212', 'Нет данных': '1'}
[links_parser.py._click_all_elements_in:221]  'СНПЧ': select all elements...
[links_parser.py._click_all_elements_in:221]  'СНПЧ': unselect all elements...
[links_parser.py.make_links:94]  row_url='https://zvk.ru/catalog/orgtekhnika/printery/filter/snpch-is-est-or-net-or-f93142faab1e8bc4e448d70d4e418fe4/'

[links_parser.py._parse:243] {'В наличии': '115', 'Под заказ': '192', 'Распродан': '1'}
[links_parser.py._click_all_elements_in:221]  'Наличие': select all elements...
[links_parser.py._click_all_elements_in:221]  'Наличие': unselect all elements...
[links_parser.py.make_links:94]  row_url='https://zvk.ru/catalog/orgtekhnika/printery/filter/nalichie-is-b8bb4b51-4472-11e7-8106-8ad906c0b3f3-or-b8bb4b50-4472-11e7-8106-8ad906c0b3f3-or-c66da279-5eb3-11ea-93f0-002590e49921/'

[links_parser.py.main:255] 	https://zvk.ru/catalog/orgtekhnika/kopiry-mfu/
[links_parser.py._parse:243] {'BROTHER': '37', 'CANON': '95', 'EPSON': '36', 'HP': '99', 'KONICA-MINOLTA': '44', 'KYOCERA': '54', 'LEXMARK': '23', 'OKI': '13', 'PANTUM': '21', 'RICOH': '83', 'SHARP': '54', 'TOSHIBA': '31', 'XEROX': '139'}
[links_parser.py._click_all_elements_in:221]  'Бренд': select all elements...
[links_parser.py._click_all_elements_in:221]  'Бренд': unselect all elements...
[links_parser.py.make_links:94]  row_url='https://zvk.ru/catalog/orgtekhnika/kopiry-mfu/filter/brand-is-brother-or-canon-or-epson-or-hp-or-konica-minolta-or-kyocera-or-lexmark-or-oki-or-pantum-or-ricoh-or-sharp-or-toshiba-or-xerox/'

[links_parser.py._parse:243] {'А4': '323', 'А3': '393', 'А0': '8'}
[links_parser.py._click_all_elements_in:221]  'Формат': select all elements...
[links_parser.py._click_all_elements_in:221]  'Формат': unselect all elements...
[links_parser.py.make_links:94]  row_url='https://zvk.ru/catalog/orgtekhnika/kopiry-mfu/filter/max_format-is-a4/'

[links_parser.py._parse:243] {'Лазерный': '564', 'Светодиодный': '67', 'Струйный': '94'}
[links_parser.py._click_all_elements_in:221]  'Технология печати': select all elements...
[links_parser.py._click_all_elements_in:221]  'Технология печати': unselect all elements...
[links_parser.py.make_links:94]  row_url='https://zvk.ru/catalog/orgtekhnika/kopiry-mfu/filter/tekhnologiya_pechati-is-lasernyy-or-svetodiodnyy-or-struynyy/'

[links_parser.py._parse:243] {'Цветной': '345', 'Черно-белый': '380'}
[links_parser.py._click_all_elements_in:221]  'Цветность печати': select all elements...
[links_parser.py._click_all_elements_in:221]  'Цветность печати': unselect all elements...
[links_parser.py.make_links:94]  row_url='https://zvk.ru/catalog/orgtekhnika/kopiry-mfu/filter/tsvetnost_pechati-is-tsvetnoy-or-cherno_belyy/'

[links_parser.py._parse:243] {'Есть': '652', 'Нет': '57', 'Нет данных': '1', 'Опция': '7'}
[links_parser.py._click_all_elements_in:221]  'Сетевое подключение (RJ-45)': select all elements...
[links_parser.py._click_all_elements_in:221]  'Сетевое подключение (RJ-45)': unselect all elements...
[links_parser.py.make_links:94]  row_url='https://zvk.ru/catalog/orgtekhnika/kopiry-mfu/filter/network-is-est-or-net-or-e653a9e352faf837c710dd59004262e7-or-optsija/'

[links_parser.py._parse:243] {'Есть': '259', 'Опция': '292', 'Нет': '134'}
[links_parser.py._click_all_elements_in:221]  'Поддержка Wi-Fi': select all elements...
[links_parser.py._click_all_elements_in:221]  'Поддержка Wi-Fi': unselect all elements...
[links_parser.py.make_links:94]  row_url='https://zvk.ru/catalog/orgtekhnika/kopiry-mfu/filter/wifi-is-est-or-optsija-or-net/'

[links_parser.py._parse:243] {'Есть': '632', 'Нет': '72', 'Опция': '11'}
[links_parser.py._click_all_elements_in:221]  'Двусторонняя печать': select all elements...
[links_parser.py._click_all_elements_in:221]  'Двусторонняя печать': unselect all elements...
[links_parser.py.make_links:94]  row_url='https://zvk.ru/catalog/orgtekhnika/kopiry-mfu/filter/dvustoronnyaya_pechat-is-yes-or-not-or-optsija/'

[links_parser.py._parse:243] {'600x600': '82', '1200x600': '23', '1200x1200': '416', '1440x720': '1', '1800x600': '8', '2400x600': '39', '2400x1200': '61', '2400x2400': '22', '4800x600': '2', '4800x1200': '26', '4800x2400': '19', '5760x1440': '11', '6000x1200': '7', '9600x600': '2'}
[links_parser.py._click_all_elements_in:221]  'Максимальное разрешение ч/б печати': select all elements...
[links_parser.py._click_all_elements_in:221]  'Максимальное разрешение ч/б печати': unselect all elements...
[links_parser.py.make_links:94]  row_url='https://zvk.ru/catalog/orgtekhnika/kopiry-mfu/filter/maksimalnoe_razreshenie_chb_pechati-is-ypotqyld-or-2zbchohm-or-q3yni7tw-or-1200x2400-or-qzzucwfq-or-wvxdqmqn-or-cyrp2mh6-or-h7nyeuwg-or-gvvypluc-or-8ackj7z7-or-eemmr9fz/'

[links_parser.py._parse:243] {'Нет': '15', '600x600': '0', '1200x600': '0', '1200x1200': '0', '1800x600': '0', '2400x600': '15', '2400x1200': '47', '2400x2400': '14', '4800x600': '0', '4800x1200': '26', '4800x2400': '17', '5760x1440': '11', '6000x1200': '0', '9600x600': '0'}
[links_parser.py._click_all_elements_in:221]  'Максимальное разрешение цветной печати': select all elements...
[links_parser.py._click_all_elements_in:221]  'Максимальное разрешение цветной печати': unselect all elements...
[links_parser.py.make_links:94]  row_url='https://zvk.ru/catalog/orgtekhnika/kopiry-mfu/filter/maksimalnoe_razreshenie_chb_pechati-is-q3yni7tw-or-1200x2400-or-qzzucwfq-or-cyrp2mh6-or-h7nyeuwg-or-gvvypluc/maksimalnoe_razreshenie-is-net-or-q3yni7tw-or-1200x2400-or-qzzucwfq-or-wvxdqmqn-or-cyrp2mh6-or-h7nyeuwg-or-gvvypluc-or-8ackj7z7-or-eemmr9fz/'

[links_parser.py.main:255] 	https://zvk.ru/catalog/orgtekhnika/remont-orgtekhniki/
[links_parser.py._parse:243] {'BROTHER': '3', 'CANON': '3', 'HP': '4', 'OKI': '4', 'PANASONIC': '3', 'RICOH': '3', 'SAMSUNG': '4', 'SHARP': '3', 'XEROX': '4'}
[links_parser.py._click_all_elements_in:221]  'Бренд': select all elements...
[links_parser.py._click_all_elements_in:221]  'Бренд': unselect all elements...
[links_parser.py.make_links:94]  row_url='https://zvk.ru/catalog/orgtekhnika/remont-orgtekhniki/filter/brand-is-brother-or-canon-or-hp-or-oki-or-panasonic-or-ricoh-or-samsung-or-sharp-or-xerox/'

[links_parser.py._parse:243] {'В сервисном центре': '36', 'На выезде': '9'}
[links_parser.py._click_all_elements_in:221]  'Диагностика': select all elements...
[links_parser.py._click_all_elements_in:221]  'Диагностика': unselect all elements...
[links_parser.py.main:255] 	https://zvk.ru/catalog/orgtekhnika/skanery/
[links_parser.py._parse:243] {'AVISION': '13', 'BROTHER': '6', 'CANON': '11', 'CONTEX': '1', 'EPSON': '11', 'FUJITSU': '4', 'HP': '11', 'KODAK': '10', 'PANASONIC': '4', 'ROWE': '7', 'XEROX': '5'}
[links_parser.py._click_all_elements_in:221]  'Бренд': select all elements...
[links_parser.py._click_all_elements_in:221]  'Бренд': unselect all elements...
[links_parser.py.make_links:94]  row_url='https://zvk.ru/catalog/orgtekhnika/skanery/filter/brand-is-avision-or-brother-or-canon-or-contex-or-epson-or-fujitsu-or-hp-or-kodak-or-panasonic-or-rowe-or-xerox/'

[links_parser.py._parse:243] {'А4': '58', 'А3': '9', 'А5': '2', 'А0': '2', 'А0+': '11', 'А1': '1'}
[links_parser.py._click_all_elements_in:221]  'Формат': select all elements...
[links_parser.py._click_all_elements_in:221]  'Формат': unselect all elements...
[links_parser.py.make_links:94]  row_url='https://zvk.ru/catalog/orgtekhnika/skanery/filter/max_format-is-a4/'

[links_parser.py._parse:243] {'В наличии': '74', 'Под заказ': '156', 'Распродан': '1'}
[links_parser.py._click_all_elements_in:221]  'Наличие': select all elements...
[links_parser.py._click_all_elements_in:221]  'Наличие': unselect all elements...
[links_parser.py.make_links:94]  row_url='https://zvk.ru/catalog/orgtekhnika/skanery/filter/nalichie-is-b8bb4b51-4472-11e7-8106-8ad906c0b3f3-or-b8bb4b50-4472-11e7-8106-8ad906c0b3f3-or-c66da279-5eb3-11ea-93f0-002590e49921/'

[links_parser.py.main:255] 	https://zvk.ru/catalog/orgtekhnika/plottery/
[links_parser.py._parse:243] {'CANON': '14', 'EPSON': '48', 'HP': '41', 'RICOH': '2', 'ROWE': '3'}
[links_parser.py._click_all_elements_in:221]  'Бренд': select all elements...
[links_parser.py._click_all_elements_in:221]  'Бренд': unselect all elements...
[links_parser.py.make_links:94]  row_url='https://zvk.ru/catalog/orgtekhnika/plottery/filter/brand-is-canon-or-epson-or-hp-or-ricoh-or-rowe/'

[links_parser.py._parse:243] {'А0': '45', 'А0+': '30', 'А1': '28', 'А2': '3'}
[links_parser.py._click_all_elements_in:221]  'Формат': select all elements...
[links_parser.py._click_all_elements_in:221]  'Формат': unselect all elements...
[links_parser.py.make_links:94]  row_url='https://zvk.ru/catalog/orgtekhnika/plottery/filter/max_format-is-a0/'

[links_parser.py._parse:243] {'Лазерный': '1', 'Струйный': '96'}
[links_parser.py._click_all_elements_in:221]  'Технология печати': select all elements...
[links_parser.py._click_all_elements_in:221]  'Технология печати': unselect all elements...
[links_parser.py.make_links:94]  row_url='https://zvk.ru/catalog/orgtekhnika/plottery/filter/tekhnologiya_pechati-is-lasernyy-or-struynyy/'

[links_parser.py._parse:243] {'В наличии': '22', 'Под заказ': '91'}
[links_parser.py._click_all_elements_in:221]  'Наличие': select all elements...
[links_parser.py._click_all_elements_in:221]  'Наличие': unselect all elements...
[links_parser.py.make_links:94]  row_url='https://zvk.ru/catalog/orgtekhnika/plottery/filter/nalichie-is-b8bb4b51-4472-11e7-8106-8ad906c0b3f3-or-b8bb4b50-4472-11e7-8106-8ad906c0b3f3/'

[links_parser.py.main:255] 	https://zvk.ru/catalog/orgtekhnika/dopolnitelnye-optsii/
[links_parser.py._parse:243] {'BROTHER': '17', 'CANON': '124', 'EPSON': '13', 'HP': '3', 'KONICA-MINOLTA': '213', 'KYOCERA': '61', 'LEXMARK': '24', 'OKI': '6', 'RICOH': '46', 'SHARP': '146', 'TOSHIBA': '83', 'XEROX': '25'}
[links_parser.py._click_all_elements_in:221]  'Бренд': select all elements...
[links_parser.py._click_all_elements_in:221]  'Бренд': unselect all elements...
[links_parser.py.make_links:94]  row_url='https://zvk.ru/catalog/orgtekhnika/dopolnitelnye-optsii/filter/brand-is-brother-or-canon-or-epson-or-hp-or-konica-minolta-or-kyocera-or-lexmark-or-oki-or-ricoh-or-sharp-or-toshiba-or-xerox/'

[links_parser.py._parse:243] {'Автоподатчики и крышки': '30', 'Контроль печати': '52', 'Лотки и тумбы': '193', 'ПО': '67', 'Прочее': '306', 'Сетевое оборудование': '37', 'Финишеры': '53'}
[links_parser.py._click_all_elements_in:221]  'Тип опции': select all elements...
[links_parser.py._click_all_elements_in:221]  'Тип опции': unselect all elements...
[links_parser.py.make_links:94]  row_url='https://zvk.ru/catalog/orgtekhnika/dopolnitelnye-optsii/filter/opcii_tipopcii-is-setevoe_oborudovanie-or-finishery/'

[links_parser.py._parse:243] {'А4': '60', 'А3': '106', 'А0': '5'}
[links_parser.py._click_all_elements_in:221]  'Формат': select all elements...
[links_parser.py._click_all_elements_in:221]  'Формат': unselect all elements...
[links_parser.py.make_links:94]  row_url='https://zvk.ru/catalog/orgtekhnika/dopolnitelnye-optsii/filter/max_format-is-a4-or-a3-or-a0/'

[links_parser.py._parse:243] {'В наличии': '506', 'Под заказ': '2314'}
[links_parser.py._click_all_elements_in:221]  'Наличие': select all elements...
[links_parser.py._click_all_elements_in:221]  'Наличие': unselect all elements...
[links_parser.py.make_links:94]  row_url='https://zvk.ru/catalog/orgtekhnika/dopolnitelnye-optsii/filter/nalichie-is-b8bb4b51-4472-11e7-8106-8ad906c0b3f3-or-b8bb4b50-4472-11e7-8106-8ad906c0b3f3/'

[links_parser.py.main:255] 	https://zvk.ru/catalog/orgtekhnika/zapchasti/
[links_parser.py._parse:243] {'CANON': '13', 'HP': '21', 'KONICA-MINOLTA': '53', 'KYOCERA': '10', 'OKI': '34', 'RICOH': '7', 'SAMSUNG': '1', 'SHARP': '36', 'XEROX': '14'}
[links_parser.py._click_all_elements_in:221]  'Производитель': select all elements...
[links_parser.py._click_all_elements_in:221]  'Производитель': unselect all elements...
[links_parser.py.make_links:94]  row_url='https://zvk.ru/catalog/orgtekhnika/zapchasti/filter/proizvoditel-is-canon-or-hp-or-konica-minolta-or-kyocera-or-oki-or-ricoh-or-samsung-or-sharp-or-xerox/'

[links_parser.py._parse:243] {'А4': '10', 'А3': '6', 'А0': '2'}
[links_parser.py._click_all_elements_in:221]  'Формат': select all elements...
[links_parser.py._click_all_elements_in:221]  'Формат': unselect all elements...
[links_parser.py.make_links:94]  row_url='https://zvk.ru/catalog/orgtekhnika/zapchasti/filter/max_format-is-a4/'

[links_parser.py._parse:243] {'В наличии': '3232', 'Под заказ': '10098'}
[links_parser.py._click_all_elements_in:221]  'Наличие': select all elements...
[links_parser.py._click_all_elements_in:221]  'Наличие': unselect all elements...
[links_parser.py.make_links:94]  row_url='https://zvk.ru/catalog/orgtekhnika/zapchasti/filter/nalichie-is-b8bb4b51-4472-11e7-8106-8ad906c0b3f3-or-b8bb4b50-4472-11e7-8106-8ad906c0b3f3/'

[links_parser.py.main:255] 	https://zvk.ru/catalog/orgtekhnika/uslugi/
[links_parser.py._parse:243] {'А4': '4', 'А3': '4'}
[links_parser.py._click_all_elements_in:221]  'Формат': select all elements...
[links_parser.py._click_all_elements_in:221]  'Формат': unselect all elements...
[links_parser.py.make_links:94]  row_url='https://zvk.ru/catalog/orgtekhnika/uslugi/filter/max_format-is-a4-or-a3/'

[links_parser.py._parse:243] {'В наличии': '1'}
[links_parser.py._click_all_elements_in:221]  'Наличие': select all elements...
[links_parser.py._click_all_elements_in:221]  'Наличие': unselect all elements...
[links_parser.py.make_links:94]  row_url='https://zvk.ru/catalog/orgtekhnika/uslugi/filter/nalichie-is-b8bb4b51-4472-11e7-8106-8ad906c0b3f3/'

[links_parser.py.main:255] 	https://zvk.ru/catalog/orgtekhnika/uslugi/arenda-orgtekhniki/
[links_parser.py._parse:243] {'А4': '4', 'А3': '4'}
[links_parser.py._click_all_elements_in:221]  'Формат': select all elements...
[links_parser.py._click_all_elements_in:221]  'Формат': unselect all elements...
[links_parser.py.make_links:94]  row_url='https://zvk.ru/catalog/orgtekhnika/uslugi/arenda-orgtekhniki/filter/max_format-is-a4-or-a3/'

[links_parser.py._parse:243] {'Цветной': '5', 'Черно-белый': '3'}
[links_parser.py._click_all_elements_in:221]  'Цветность печати': select all elements...
[links_parser.py._click_all_elements_in:221]  'Цветность печати': unselect all elements...
[links_parser.py.make_links:94]  row_url='https://zvk.ru/catalog/orgtekhnika/uslugi/arenda-orgtekhniki/filter/tsvetnost_pechati-is-tsvetnoy-or-cherno_belyy/'

[links_parser.py._parse:243] {'В наличии': '1'}
[links_parser.py._click_all_elements_in:221]  'Наличие': select all elements...
[links_parser.py._click_all_elements_in:221]  'Наличие': unselect all elements...
[links_parser.py.make_links:94]  row_url='https://zvk.ru/catalog/orgtekhnika/uslugi/arenda-orgtekhniki/filter/nalichie-is-b8bb4b51-4472-11e7-8106-8ad906c0b3f3/'

[links_parser.py.main:255] 	https://zvk.ru/catalog/orgtekhnika/uslugi/autsorsing-pechati/
[links_parser.py.main:255] 	https://zvk.ru/catalog/orgtekhnika/uslugi/servisnoe-obsluzhivanie-orgtekhniki/
[links_parser.py.main:255] 	https://zvk.ru/catalog/orgtekhnika/shredery/
[links_parser.py._parse:243] {'BURO': '14', 'CACTUS': '11', 'DELI': '3', 'DELL': '1', 'FELLOWES': '66', 'GEHA': '5', 'GLADWORK': '13', 'HAMA': '8', 'HSM': '15', 'KOBRA': '31', 'LEITZ': '8', 'NEW UNITED': '17', 'OFFICE KIT': '23', 'REXEL': '50', 'ГЕЛЕОС': '19'}
[links_parser.py._click_all_elements_in:221]  'Производитель': select all elements...
[links_parser.py._click_all_elements_in:221]  'Производитель': unselect all elements...
[links_parser.py.make_links:94]  row_url='https://zvk.ru/catalog/orgtekhnika/shredery/filter/proizvoditel-is-buro-or-cactus-or-deli-or-dell-or-fellowes-or-geha-or-gladwork-or-hama-or-hsm-or-kobra-or-leitz-or-newunited-or-officekit-or-rexel-or-geleos/'

[links_parser.py._parse:243] {'А4': '281', 'А3': '2'}
[links_parser.py._click_all_elements_in:221]  'Формат': select all elements...
[links_parser.py._click_all_elements_in:221]  'Формат': unselect all elements...
[links_parser.py.make_links:94]  row_url='https://zvk.ru/catalog/orgtekhnika/shredery/filter/max_format-is-a4/'

[links_parser.py._parse:243] {'В наличии': '160', 'Под заказ': '211'}
[links_parser.py._click_all_elements_in:221]  'Наличие': select all elements...
[links_parser.py._click_all_elements_in:221]  'Наличие': unselect all elements...
[links_parser.py.make_links:94]  row_url='https://zvk.ru/catalog/orgtekhnika/shredery/filter/nalichie-is-b8bb4b51-4472-11e7-8106-8ad906c0b3f3-or-b8bb4b50-4472-11e7-8106-8ad906c0b3f3/'

[links_parser.py.main:255] 	https://zvk.ru/catalog/orgtekhnika/laminatory/
[links_parser.py._parse:243] {'GBC': '11', 'LEITZ': '11', 'ГЕЛЕОС': '10'}
[links_parser.py._click_all_elements_in:221]  'Производитель': select all elements...
[links_parser.py._click_all_elements_in:221]  'Производитель': unselect all elements...
[links_parser.py.make_links:94]  row_url='https://zvk.ru/catalog/orgtekhnika/laminatory/filter/proizvoditel-is-gbc-or-leitz-or-geleos/'

[links_parser.py._parse:243] {'А4': '14', 'А3': '18'}
[links_parser.py._click_all_elements_in:221]  'Формат': select all elements...
[links_parser.py._click_all_elements_in:221]  'Формат': unselect all elements...
[links_parser.py.make_links:94]  row_url='https://zvk.ru/catalog/orgtekhnika/laminatory/filter/max_format-is-a4/'

[links_parser.py._parse:243] {'В наличии': '17', 'Под заказ': '15'}
[links_parser.py._click_all_elements_in:221]  'Наличие': select all elements...
[links_parser.py._click_all_elements_in:221]  'Наличие': unselect all elements...
[links_parser.py.make_links:94]  row_url='https://zvk.ru/catalog/orgtekhnika/laminatory/filter/nalichie-is-b8bb4b51-4472-11e7-8106-8ad906c0b3f3-or-b8bb4b50-4472-11e7-8106-8ad906c0b3f3/'

[links_parser.py.main:255] 	https://zvk.ru/catalog/orgtekhnika/perepletchiki/
[links_parser.py._parse:243] {'GBC': '36', 'ГЕЛЕОС': '3'}
[links_parser.py._click_all_elements_in:221]  'Производитель': select all elements...
[links_parser.py._click_all_elements_in:221]  'Производитель': unselect all elements...
[links_parser.py.make_links:94]  row_url='https://zvk.ru/catalog/orgtekhnika/perepletchiki/filter/proizvoditel-is-gbc-or-geleos/'

[links_parser.py._parse:243] {'А4': '33', 'А3': '5'}
[links_parser.py._click_all_elements_in:221]  'Формат': select all elements...
[links_parser.py._click_all_elements_in:221]  'Формат': unselect all elements...
[links_parser.py.make_links:94]  row_url='https://zvk.ru/catalog/orgtekhnika/perepletchiki/filter/max_format-is-a4/'

[links_parser.py._parse:243] {'В наличии': '11', 'Под заказ': '28'}
[links_parser.py._click_all_elements_in:221]  'Наличие': select all elements...
[links_parser.py._click_all_elements_in:221]  'Наличие': unselect all elements...
[links_parser.py.make_links:94]  row_url='https://zvk.ru/catalog/orgtekhnika/perepletchiki/filter/nalichie-is-b8bb4b51-4472-11e7-8106-8ad906c0b3f3-or-b8bb4b50-4472-11e7-8106-8ad906c0b3f3/'

[links_parser.py.main:255] 	https://zvk.ru/catalog/orgtekhnika/rezaki/
[links_parser.py._parse:243] {'REXEL': '17', 'ГЕЛЕОС': '2'}
[links_parser.py._click_all_elements_in:221]  'Производитель': select all elements...
[links_parser.py._click_all_elements_in:221]  'Производитель': unselect all elements...
[links_parser.py.make_links:94]  row_url='https://zvk.ru/catalog/orgtekhnika/rezaki/filter/proizvoditel-is-rexel-or-geleos/'

[links_parser.py._parse:243] {'А4': '14', 'А3': '4', 'А2': '1'}
[links_parser.py._click_all_elements_in:221]  'Формат': select all elements...
[links_parser.py._click_all_elements_in:221]  'Формат': unselect all elements...
[links_parser.py.make_links:94]  row_url='https://zvk.ru/catalog/orgtekhnika/rezaki/filter/max_format-is-a4/'

[links_parser.py._parse:243] {'В наличии': '19'}
[links_parser.py._click_all_elements_in:221]  'Наличие': select all elements...
[links_parser.py._click_all_elements_in:221]  'Наличие': unselect all elements...
[links_parser.py.make_links:94]  row_url='https://zvk.ru/catalog/orgtekhnika/rezaki/filter/nalichie-is-b8bb4b51-4472-11e7-8106-8ad906c0b3f3/'

[links_parser.py.main:255] 	https://zvk.ru/catalog/orgtekhnika/printery-etiketok/
[links_parser.py._parse:243] {'BROTHER': '17', 'EPSON': '55', 'G&G': '3'}
[links_parser.py._click_all_elements_in:221]  'Производитель': select all elements...
[links_parser.py._click_all_elements_in:221]  'Производитель': unselect all elements...
[links_parser.py.make_links:94]  row_url='https://zvk.ru/catalog/orgtekhnika/printery-etiketok/filter/proizvoditel-is-brother-or-epson-or-g_g/'

[links_parser.py._parse:243] {'А4': '7'}
[links_parser.py._click_all_elements_in:221]  'Формат': select all elements...
[links_parser.py._click_all_elements_in:221]  'Формат': unselect all elements...
[links_parser.py.make_links:94]  row_url='https://zvk.ru/catalog/orgtekhnika/printery-etiketok/filter/max_format-is-a4/'

[links_parser.py._parse:243] {'16 знаков x 1 строка': '2', '16 знаков x 4 строка': '1', '20 знаков x 3 строки': '1', 'ЖК-дисплей': '1', 'Нет': '3'}
[links_parser.py._click_all_elements_in:221]  'Дисплей': select all elements...
[links_parser.py._click_all_elements_in:221]  'Дисплей': unselect all elements...
[links_parser.py.main:262]  - All urls in "orgtekhnika" parsed done! -

[links_parser.py.main:252] kartridzhi:
[links_parser.py.main:255] 	https://zvk.ru/catalog/kartridzhi/sovmestimye-kartridzhi-zvk/
[links_parser.py._parse:243] {'BROTHER': '152', 'CANON': '279', 'EPSON': '123', 'HP': '720', 'KYOCERA': '313', 'LEXMARK': '34', 'OKI': '60', 'PANASONIC': '24', 'SAMSUNG': '191', 'SHARP': '7', 'TOSHIBA': '5', 'XEROX': '278'}
[links_parser.py._click_all_elements_in:221]  'Бренд': select all elements...
[links_parser.py._click_all_elements_in:221]  'Бренд': unselect all elements...
[links_parser.py.make_links:94]  row_url='https://zvk.ru/catalog/kartridzhi/sovmestimye-kartridzhi-zvk/filter/brand-is-brother-or-canon-or-epson-or-hp-or-kyocera-or-lexmark-or-oki-or-panasonic-or-samsung-or-sharp-or-toshiba-or-xerox/'

[links_parser.py._parse:243] {'Black': '999', 'Cyan': '234', 'Magenta': '235', 'Yellow': '230', 'Grey': '3', 'Matte Black': '1', 'Photo Black': '1', 'Light Cyan': '4', 'Light Magenta': '4', 'Нет данных': '396', 'Color': '43', 'Gray': '1'}
[links_parser.py._click_all_elements_in:221]  'Цвет печати картриджа': select all elements...
[links_parser.py._click_all_elements_in:221]  'Цвет печати картриджа': unselect all elements...
[links_parser.py.make_links:94]  row_url='https://zvk.ru/catalog/kartridzhi/sovmestimye-kartridzhi-zvk/filter/tsvet_apparata-is-chernyy-or-matovyy_chernyy-or-photo_chernyy-or-svetlo_cianovyy-or-svetlo_magneta-or-b7ec1365fd0b102b038a531b4463fa26-or-cvetnoi-or-1a77dd51c3096a54525b773a76fb6057/'

[links_parser.py._parse:243] {'Тонер-картридж/Туба с тонером': '0', 'Струйный картридж': '9', 'Драм-картридж': '0', 'Матричный картридж': '0', 'Бункер отработанного тонера': '0', 'Нет данных': '0'}
[links_parser.py._click_all_elements_in:221]  'Тип картриджа': select all elements...
[links_parser.py._click_all_elements_in:221]  'Тип картриджа': unselect all elements...
[links_parser.py.make_links:94]  row_url='https://zvk.ru/catalog/kartridzhi/sovmestimye-kartridzhi-zvk/filter/tsvet_apparata-is-photo_chernyy-or-svetlo_cianovyy-or-svetlo_magneta/cartidge_type-is-bunker_otrabotannogo_tonera-or-1fa12fcf6f27742157a9886e924d8dce/'

[links_parser.py.main:255] 	https://zvk.ru/catalog/kartridzhi/originalnye-kartridzhi/
[links_parser.py._parse:243] {'BROTHER': '308', 'CANON': '859', 'EPSON': '1048', 'HP': '1135', 'KONICA-MINOLTA': '699', 'KYOCERA': '355', 'LEXMARK': '543', 'OKI': '481', 'PANASONIC': '77', 'PANTUM': '17', 'RICOH': '630', 'RISO': '20', 'SAMSUNG': '203', 'SHARP': '262', 'TOSHIBA': '183', 'XEROX': '985'}
[links_parser.py._click_all_elements_in:221]  'Бренд': select all elements...
[links_parser.py._click_all_elements_in:221]  'Бренд': unselect all elements...
[links_parser.py.make_links:94]  row_url='https://zvk.ru/catalog/kartridzhi/originalnye-kartridzhi/filter/brand-is-brother-or-canon-or-epson-or-hp-or-konica-minolta-or-kyocera-or-lexmark-or-oki-or-panasonic-or-pantum-or-ricoh-or-riso-or-samsung-or-sharp-or-toshiba-or-xerox/'

[links_parser.py._parse:243] {'Black': '3093', 'Cyan': '1211', 'Magenta': '1202', 'Yellow': '1126', 'Photo Cyan': '17', 'Photo Magenta': '17', 'Green': '22', 'Grey': '78', 'Matte Black': '57', 'Photo Grey': '7', 'Photo Black': '25', 'Light Grey': '8', 'Light Cyan': '24', 'Light Magenta': '31', 'Light Black': '8', 'White': '39', 'Optimizer': '11', 'Нет данных': '80', 'Red': '15', 'Orange': '3', 'Chroma Optimizer': '10', 'Color': '324', 'Gold': '6', 'Gray': '13', 'Overcoat': '1', 'Pink': '1', 'Silver': '3', 'Violet': '4'}
[links_parser.py._click_all_elements_in:221]  'Цвет печати картриджа': select all elements...
[links_parser.py._click_all_elements_in:221]  'Цвет печати картриджа': unselect all elements...
[links_parser.py.make_links:94]  row_url='https://zvk.ru/catalog/kartridzhi/originalnye-kartridzhi/filter/tsvet_apparata-is-chernyy-or-photo_cian-or-photo_magneta-or-zelenyy-or-seryy-or-matovyy_chernyy-or-photo_seryy-or-photo_chernyy-or-svetlo_seryy-or-svetlo_cianovyy-or-svetlo_magneta-or-svetlo_chernyy-or-svetlyy-or-optimizirovannyy-or-b7ec1365fd0b102b038a531b4463fa26-or-krasnyy-or-orangevyy-or-optimizator_cvetnosti-or-cvetnoi-or-zolotoy-or-1a77dd51c3096a54525b773a76fb6057-or-palto-or-rozovyy-or-serebro-or-phioletovy/'

[links_parser.py._parse:243] {'Тонер-картридж/Туба с тонером': '2098', 'Струйный картридж': '1250', 'Драм-картридж': '334', 'Термопленка для факса': '0', 'Картридж гелевый': '12', 'Чернила': '106', 'Матричный картридж': '2', 'Печатающая головка': '38', 'Картридж-пленка': '4', 'Лента переноса изображения': '16', 'Блок проявки': '9', 'Бункер отработанного тонера': '32', 'Девелопер': '86', 'Картридж обслуживания': '8', 'Картридж со скрепками': '0', 'Наклейка ламинированная': '6', 'Нет данных': '16', 'Плёнка для наклеек': '2', 'Ремкомплект': '2', 'Риббон-картридж': '0', 'Твердые чернила': '36', 'Термотрансферная лента': '8', 'Фотобарабан': '2', 'Фотобаробан': '0', 'Фьюзер': '0'}
[links_parser.py._click_all_elements_in:221]  'Тип картриджа': select all elements...
[links_parser.py._click_all_elements_in:221]  'Тип картриджа': unselect all elements...
[links_parser.py.make_links:94]  row_url='https://zvk.ru/catalog/kartridzhi/originalnye-kartridzhi/filter/tsvet_apparata-is-cian-or-magneta-or-zheltyy-or-svetlo_magneta-or-svetlo_chernyy-or-svetlyy-or-b7ec1365fd0b102b038a531b4463fa26-or-krasnyy-or-orangevyy-or-optimizator_cvetnosti-or-cvetnoi-or-zolotoy-or-1a77dd51c3096a54525b773a76fb6057-or-palto/cartidge_type-is-cartridzh_gelevyy-or-chernila-or-matrichnyy_kartridzh-or-pechatayushchaya_golovka-or-kartridzh_plenka-or-lenta_perenosa_izobrazheniya-or-block_proyavki-or-bunker_otrabotannogo_tonera-or-developer-or-kartridzh_obsluzhivaniya-or-kartridzh_so_skrepkami-or-nakleyka_laminirovannaya-or-1fa12fcf6f27742157a9886e924d8dce-or-plenka_dlya_nakleek-or-remkomplekt-or-ribbon_kartridzh-or-tverdye_chernila-or-termotransphernayz_lenta-or-photobaraban-or-photobaran-or-fyuzer/'

[links_parser.py.main:255] 	https://zvk.ru/catalog/kartridzhi/sovmestimye-kartridzhi/
[links_parser.py._parse:243] {'CACTUS': '2039', 'COLOURING': '590', 'EASYPRINT': '606', 'GALAPRINT': '703', 'HI-BLACK': '938', 'NETPRODUCT': '345', 'NVP': '96', 'OEM': '400', 'PROFILINE': '36', 'PROMEGA': '614', 'SUPERFINE': '1068'}
[links_parser.py._click_all_elements_in:221]  'Производитель': select all elements...
[links_parser.py._click_all_elements_in:221]  'Производитель': unselect all elements...
[links_parser.py.make_links:94]  row_url='https://zvk.ru/catalog/kartridzhi/sovmestimye-kartridzhi/filter/proizvoditel-is-cactus-or-colouring-or-easyprint-or-galaprint-or-hi_black-or-netproduct-or-nvp-or-oem-or-profiline-or-promega-or-superfine/'

[links_parser.py._parse:243] {'Black': '3637', 'Cyan': '929', 'Magenta': '918', 'Yellow': '878', 'Photo Cyan': '3', 'Photo Magenta': '2', 'Green': '1', 'Grey': '34', 'Matte Black': '21', 'Photo Black': '6', 'Light Grey': '2', 'Light Cyan': '27', 'Light Magenta': '26', 'Light Black': '8', 'Optimizer': '1', 'Нет данных': '716', 'Red': '2', 'Orange': '1', 'Chroma Optimizer': '1', 'Color': '221', 'gross': '1'}
[links_parser.py._click_all_elements_in:221]  'Цвет печати картриджа': select all elements...
[links_parser.py._click_all_elements_in:221]  'Цвет печати картриджа': unselect all elements...
[links_parser.py.make_links:94]  row_url='https://zvk.ru/catalog/kartridzhi/sovmestimye-kartridzhi/filter/tsvet_apparata-is-chernyy-or-photo_magneta-or-zelenyy-or-seryy-or-matovyy_chernyy-or-photo_chernyy-or-svetlo_seryy-or-svetlo_cianovyy-or-svetlo_magneta-or-svetlo_chernyy-or-optimizirovannyy-or-b7ec1365fd0b102b038a531b4463fa26-or-krasnyy-or-orangevyy-or-optimizator_cvetnosti-or-cvetnoi-or-valovoy/'

[links_parser.py._parse:243] {'Тонер-картридж/Туба с тонером': '2122', 'Струйный картридж': '967', 'Драм-картридж': '24', 'Чернила': '84', 'Матричный картридж': '16', 'Картридж-пленка': '0', 'Нет данных': '345'}
[links_parser.py._click_all_elements_in:221]  'Тип картриджа': select all elements...
[links_parser.py._click_all_elements_in:221]  'Тип картриджа': unselect all elements...
[links_parser.py.make_links:94]  row_url='https://zvk.ru/catalog/kartridzhi/sovmestimye-kartridzhi/filter/tsvet_apparata-is-cian-or-magneta-or-zheltyy-or-photo_cian-or-photo_magneta-or-zelenyy-or-seryy-or-matovyy_chernyy-or-svetlo_seryy-or-svetlo_cianovyy-or-svetlo_magneta-or-optimizirovannyy-or-b7ec1365fd0b102b038a531b4463fa26-or-krasnyy-or-orangevyy/cartidge_type-is-kartridzh_plenka-or-1fa12fcf6f27742157a9886e924d8dce/'

[links_parser.py.main:255] 	https://zvk.ru/catalog/kartridzhi/zapravka-kartridzhey/
[links_parser.py._parse:243] {'BROTHER': '76', 'CANON': '213', 'EPSON': '43', 'HP': '694', 'KYOCERA': '240', 'LEXMARK': '44', 'OKI': '177', 'SAMSUNG': '270', 'XEROX': '406'}
[links_parser.py._click_all_elements_in:221]  'Бренд (картриджа)': select all elements...
[links_parser.py._click_all_elements_in:221]  'Бренд (картриджа)': unselect all elements...
[links_parser.py.make_links:94]  row_url='https://zvk.ru/catalog/kartridzhi/zapravka-kartridzhey/filter/brand_cartridge-is-brother-or-canon-or-epson-or-hp-or-kyocera-or-lexmark-or-oki-or-samsung-or-xerox/'

[links_parser.py._parse:243] {'Black': '923', 'Cyan': '234', 'Magenta': '227', 'Yellow': '225'}
[links_parser.py._click_all_elements_in:221]  'Цвет печати картриджа': select all elements...
[links_parser.py._click_all_elements_in:221]  'Цвет печати картриджа': unselect all elements...
[links_parser.py.make_links:94]  row_url='https://zvk.ru/catalog/kartridzhi/zapravka-kartridzhey/filter/tsvet_apparata-is-chernyy/'

[links_parser.py._parse:243] {'Под заказ': '2'}
[links_parser.py._click_all_elements_in:221]  'Наличие': select all elements...
[links_parser.py._click_all_elements_in:221]  'Наличие': unselect all elements...
[links_parser.py.make_links:94]  row_url='https://zvk.ru/catalog/kartridzhi/zapravka-kartridzhey/filter/nalichie-is-b8bb4b50-4472-11e7-8106-8ad906c0b3f3/'

[links_parser.py.main:255] 	https://zvk.ru/catalog/kartridzhi/obmen-kartridzhey/
[links_parser.py._parse:243] {'Black': '19'}
[links_parser.py._click_all_elements_in:221]  'Цвет печати картриджа': select all elements...
[links_parser.py._click_all_elements_in:221]  'Цвет печати картриджа': unselect all elements...
[links_parser.py.make_links:94]  row_url='https://zvk.ru/catalog/kartridzhi/obmen-kartridzhey/filter/tsvet_apparata-is-chernyy/'

[links_parser.py._parse:243] {'Тонер-картридж/Туба с тонером': '7'}
[links_parser.py._click_all_elements_in:221]  'Тип картриджа': select all elements...
[links_parser.py._click_all_elements_in:221]  'Тип картриджа': unselect all elements...
[links_parser.py.main:255] 	https://zvk.ru/catalog/kartridzhi/pokupka-b-u-kartridzhey/
[links_parser.py.main:262]  - All urls in "kartridzhi" parsed done! -

[links_parser.py.main:252] ofisnye-tovary:
[links_parser.py.main:255] 	https://zvk.ru/catalog/ofisnye-tovary/ofisnaya-bumaga/
[links_parser.py._parse:243] {'CANON': '8', 'CLIO': '1', 'IQ': '5', 'LOMOND': '7', 'NAVIGATOR': '1', 'SVETO COPY': '2', 'XEROX': '12', 'ZOOM': '1'}
[links_parser.py._click_all_elements_in:221]  'Производитель': select all elements...
[links_parser.py._click_all_elements_in:221]  'Производитель': unselect all elements...
[links_parser.py.make_links:94]  row_url='https://zvk.ru/catalog/ofisnye-tovary/ofisnaya-bumaga/filter/proizvoditel-is-canon-or-clio-or-iq-or-lomond-or-navigator-or-sveto_copy-or-xerox-or-zoom/'

[links_parser.py.main:255] 	https://zvk.ru/catalog/ofisnye-tovary/spetsializirovannaya-bumaga/
[links_parser.py._parse:243] {'BROTHER': '1', 'CANON': '11', 'EPSON': '4', 'HP': '11', 'LOMOND': '12', 'XEROX': '156'}
[links_parser.py._click_all_elements_in:221]  'Производитель': select all elements...
[links_parser.py._click_all_elements_in:221]  'Производитель': unselect all elements...
[links_parser.py.make_links:94]  row_url='https://zvk.ru/catalog/ofisnye-tovary/spetsializirovannaya-bumaga/filter/proizvoditel-is-brother-or-canon-or-epson-or-hp-or-lomond-or-xerox/'

[links_parser.py._parse:243] {'A': '12'}
[links_parser.py._click_all_elements_in:221]  'Класс бумаги': select all elements...
[links_parser.py._click_all_elements_in:221]  'Класс бумаги': unselect all elements...
[links_parser.py.make_links:94]  row_url='https://zvk.ru/catalog/ofisnye-tovary/spetsializirovannaya-bumaga/filter/paper_class-is-a/'

[links_parser.py._parse:243] {'В наличии': '453', 'Под заказ': '454'}
[links_parser.py._click_all_elements_in:221]  'Наличие': select all elements...
[links_parser.py._click_all_elements_in:221]  'Наличие': unselect all elements...
[links_parser.py.make_links:94]  row_url='https://zvk.ru/catalog/ofisnye-tovary/spetsializirovannaya-bumaga/filter/nalichie-is-b8bb4b51-4472-11e7-8106-8ad906c0b3f3-or-b8bb4b50-4472-11e7-8106-8ad906c0b3f3/'

[links_parser.py.main:255] 	https://zvk.ru/catalog/ofisnye-tovary/fotobumaga/
[links_parser.py._parse:243] {'BROTHER': '3', 'CANON': '6', 'EPSON': '31', 'HP': '20', 'LOMOND': '37'}
[links_parser.py._click_all_elements_in:221]  'Производитель': select all elements...
[links_parser.py._click_all_elements_in:221]  'Производитель': unselect all elements...
[links_parser.py.make_links:94]  row_url='https://zvk.ru/catalog/ofisnye-tovary/fotobumaga/filter/proizvoditel-is-brother-or-canon-or-epson-or-hp-or-lomond/'

[links_parser.py._parse:243] {'В наличии': '206', 'Под заказ': '101'}
[links_parser.py._click_all_elements_in:221]  'Наличие': select all elements...
[links_parser.py._click_all_elements_in:221]  'Наличие': unselect all elements...
[links_parser.py.make_links:94]  row_url='https://zvk.ru/catalog/ofisnye-tovary/fotobumaga/filter/nalichie-is-b8bb4b51-4472-11e7-8106-8ad906c0b3f3-or-b8bb4b50-4472-11e7-8106-8ad906c0b3f3/'

[links_parser.py.main:255] 	https://zvk.ru/catalog/ofisnye-tovary/tovary-dlya-ofisa/
[links_parser.py._parse:243] {'В наличии': '1310', 'Под заказ': '3'}
[links_parser.py._click_all_elements_in:221]  'Наличие': select all elements...
[links_parser.py._click_all_elements_in:221]  'Наличие': unselect all elements...
[links_parser.py.make_links:94]  row_url='https://zvk.ru/catalog/ofisnye-tovary/tovary-dlya-ofisa/filter/nalichie-is-b8bb4b51-4472-11e7-8106-8ad906c0b3f3-or-b8bb4b50-4472-11e7-8106-8ad906c0b3f3/'

[links_parser.py.main:262]  - All urls in "ofisnye-tovary" parsed done! -

[links_parser.py.main:252] kompyuternoe-oborudovanie:
[links_parser.py.main:255] 	https://zvk.ru/catalog/kompyuternoe-oborudovanie/kompyutery/
[links_parser.py._parse:243] {'Офисный': '104'}
[links_parser.py._click_all_elements_in:221]  'Назначение компьютера': select all elements...
[links_parser.py._click_all_elements_in:221]  'Назначение компьютера': unselect all elements...
[links_parser.py.make_links:94]  row_url='https://zvk.ru/catalog/kompyuternoe-oborudovanie/kompyutery/filter/comp_naznachenie-is-c7af72e9aeea85cc0877cbc8450e0cba/'

[links_parser.py._parse:243] {'ZVK': '104'}
[links_parser.py._click_all_elements_in:221]  'Производитель': select all elements...
[links_parser.py._click_all_elements_in:221]  'Производитель': unselect all elements...
[links_parser.py.make_links:94]  row_url='https://zvk.ru/catalog/kompyuternoe-oborudovanie/kompyutery/filter/proizvoditel-is-zvk/'

[links_parser.py.main:255] 	https://zvk.ru/catalog/kompyuternoe-oborudovanie/kompyutery/kompyutery-zvk/
[links_parser.py._parse:243] {'Офисный': '104'}
[links_parser.py._click_all_elements_in:221]  'Назначение компьютера': select all elements...
[links_parser.py._click_all_elements_in:221]  'Назначение компьютера': unselect all elements...
[links_parser.py.make_links:94]  row_url='https://zvk.ru/catalog/kompyuternoe-oborudovanie/kompyutery/kompyutery-zvk/filter/comp_naznachenie-is-c7af72e9aeea85cc0877cbc8450e0cba/'

[links_parser.py.main:255] 	https://zvk.ru/catalog/kompyuternoe-oborudovanie/monobloki/
[links_parser.py._parse:243] {'AMD Radeon 530': '8', 'AMD Radeon 625': '12', 'AMD Radeon Pro 5300': 'AMD Radeon Pro 5500XT', '1': 'AMD Radeon Pro 560X', 'AMD Radeon RX 560': '4', 'NVIDIA GeForce GTX 1050': 'NVIDIA GeForce GTX 1650', '5': 'NVIDIA GeForce MX110', 'NVIDIA GeForce MX130': '4', 'NVIDIA GeForce MX330': 'Скрыть значения'}
[links_parser.py._click_all_elements_in:221]  'Видеокарта': select all elements...
[links_parser.py._click_all_elements_in:221]  'Видеокарта': unselect all elements...
[links_parser.py.make_links:94]  row_url='https://zvk.ru/catalog/kompyuternoe-oborudovanie/monobloki/filter/monobloki_video_karta-is-amd%20radeon%20530-or-amd%20radeon%20625-or-amd%20radeon%20pro%205300-or-amd%20radeon%20pro%205500xt-or-amd%20radeon%20pro%20560x-or-amd%20radeon%20rx%20560-or-nvidia%20geforce%20gtx%201050-or-nvidia%20geforce%20gtx%201650-or-nvidia%20geforce%20mx110-or-nvidia%20geforce%20mx130-or-nvidia%20geforce%20mx330/'

[links_parser.py._parse:243] {'AMD A6 9220e': '0', 'AMD A9 9425': '0', 'AMD Athlon Silver 3050U': 'AMD Ryzen 3 3200GE', '0': 'Intel Pentium J5005', '': 'AMD Ryzen 3 4300U', '1': 'Intel Core i3 10100T', 'Intel Core i5 1035G1': '1', 'Intel Core i5 1035G4': '0', 'Intel Core i5 10400T': '0', 'Intel Core i5 10500': '0', 'Intel Core i5 10600': '0', 'Intel Core i5 1135G7': '0', 'Intel Core i5 8265U': '2', 'Intel Core i5 8400T': '0', 'Intel Core i5 8500T': '0', 'Intel Core i5 8600': '0', 'Intel Core i5 9400': 'Intel Core i5 9400T', 'Intel Core i5 9600': '0', 'Intel Core i7 10510U': '0', 'Intel Core i7 10700': '0', 'Intel Core i7 10700K': '0', 'Intel Core i7 1165G7': '0', 'Intel Core i7 8550U': '0', 'Intel Core i7 8700': '0', 'Intel Core i7 8700T': '0', 'Intel Core i7 8750H': 'Intel Core i7 9700', 'Intel Pentium 4405U': '0', 'Intel Pentium 6400': '0', 'Intel Pentium G4400T': '0', 'Intel Pentium G6400': 'Intel Pentium Gold G5400', 'Intel Pentium Gold G5420T': '0', 'Intel Pentium Gold G5620': 'Intel Pentium Gold G6400T', 'Intel Pentium Silver J5040': '0'}
[links_parser.py._click_all_elements_in:221]  'Процессор': select all elements...
[links_parser.py._click_all_elements_in:221]  'Процессор': unselect all elements...
[links_parser.py.make_links:94]  row_url='https://zvk.ru/catalog/kompyuternoe-oborudovanie/monobloki/filter/monobloki_video_karta-is-nvidia%20geforce%20mx130/monobloki_proc-is-amd%20athlon%20silver%203050u-or-amd%20ryzen%203%204300u-or-amd%20ryzen%205%203400g-or-amd%20ryzen%205%203500u-or-amd%20ryzen%205%204500u-or-amd%20ryzen%205%204600h-or-amd%20ryzen%207%204700u-or-intel%20celeron%205205u-or-intel%20celeron%20j4005-or-intel%20celeron%20n4000-or-intel%20core%20i3%201005g1-or-intel%20core%20i3%2010100t-or-intel%20core%20i3%2010110u-or-intel%20core%20i3%201115g4-or-intel%20core%20i3%207130u-or-intel%20core%20i3%208100t-or-intel%20core%20i3%208130u-or-intel%20core%20i3%209100-or-intel%20core%20i3%209100t-or-intel%20core%20i5%2010210u-or-intel%20core%20i5%201035g1-or-intel%20core%20i5%201035g4-or-intel%20core%20i5%2010400t-or-intel%20core%20i5%2010500-or-intel%20core%20i5%2010600-or-intel%20core%20i5%201135g7-or-intel%20core%20i5%208265u-or-intel%20core%20i5%208400t-or-intel%20core%20i5%208500t-or-intel%20core%20i5%208600-or-intel%20core%20i5%209400-or-intel%20core%20i5%209400t-or-intel%20core%20i5%209500-or-intel%20core%20i5%209500t-or-intel%20core%20i5%209600-or-intel%20core%20i7%2010510u-or-intel%20core%20i7%2010700-or-intel%20core%20i7%2010700k-or-intel%20core%20i7%201165g7-or-intel%20core%20i7%208550u-or-intel%20core%20i7%208700-or-intel%20core%20i7%208700t-or-intel%20core%20i7%208750h-or-intel%20core%20i7%209700-or-intel%20core%20i7%209700t-or-intel%20core%20i9%2010900-or-intel%20pentium%204405u-or-intel%20pentium%206400-or-intel%20pentium%20g6400-or-intel%20pentium%20gold%20g5400-or-intel%20pentium%20gold%20g5420-or-intel%20pentium%20gold%20g5420t-or-intel%20pentium%20gold%20g5620-or-intel%20pentium%20gold%20g6400t-or-intel%20pentium%20j5005-or-intel%20pentium%20silver%20j5040/'

[links_parser.py.main:255] 	https://zvk.ru/catalog/kompyuternoe-oborudovanie/monitory/
[links_parser.py._parse:243] {'ACER': '220', 'AOC': '104', 'ASUS': '137', 'BENQ': '79', 'DELL': '89', 'HP': '104', 'IIYAMA': '69', 'LENOVO': '93', 'LG': '76', 'NEC': '57', 'PHILIPS': '142', 'SAMSUNG': '63', 'VIEWSONIC': '55'}
[links_parser.py._click_all_elements_in:221]  'Производитель': select all elements...
[links_parser.py._click_all_elements_in:221]  'Производитель': unselect all elements...
[links_parser.py.make_links:94]  row_url='https://zvk.ru/catalog/kompyuternoe-oborudovanie/monitory/filter/proizvoditel-is-acer-or-aoc-or-asus-or-benq-or-dell-or-hp-or-iiyama-or-lenovo-or-lg-or-nec-or-philips-or-samsung-or-viewsonic/'

[links_parser.py._parse:243] {'1000': '8', '1200': '1', '200': '44', '220': '3', '240': '1', '250': '482', '260': '2', '270': '2', '290': '1', '300': '189', '320': '8', '330': '2', '350': '160', '370': '1', '400': '96', '430': '1', '440': '2', '450': '20', '500': '2', '550': '1', '600': '7', '750': '2'}
[links_parser.py._click_all_elements_in:221]  'Яркость экрана, кд/м2': select all elements...
[links_parser.py._click_all_elements_in:221]  'Яркость экрана, кд/м2': unselect all elements...
[links_parser.py.make_links:94]  row_url='https://zvk.ru/catalog/kompyuternoe-oborudovanie/monitory/filter/yarkost_ekranov_new-is-1000-or-270-or-290-or-300-or-320-or-330-or-350-or-370-or-400-or-430-or-440-or-450-or-500-or-550-or-600-or-750/'

[links_parser.py._parse:243] {'14" 35.56 см': '0', '15" 38.1 см': '1', '15.6" 39.6 см': '0', '17" 43.18 см': '1', '17.3" 43.9 см': '1', '18.5" 46.99 см': '0', '18.9" 48.01 см': '0', '19" 48.26 см': '0', '19.5" 49.53 см': '0', '20" 50.8 см': '0', '20.7" 52.58 см': '0', '21" 53.34 см': '2', '21.5" 54.61 см': '0', '22" 55.88 см': '0', '22.5" 57.15 см': '0', '23" 58.42 см': '2', '23.5" 59.69 см': '0', '23.6" 59.94 см': '9', '23.8" 60.45 см': '23', '24" 60.96 см': '33', '24.1" 61.21 см': '6', '24.5" 62.23 см': '4', '25" 63.5 см': '11', '27" 68.58 см': '157', '27.6" 70.1 см': '0', '27.9"68.58 см': '1', '28" 71.12 см': '15', '29" 73.66 см': '3', '29.5" 74.93 см': '1', '30" 76.2 см': '1', '31" 80 см': '2', '31.1" 78.99 см': '0', '31.5" 80.01 см': '41', '32" 81.28 см': '7', '34" 86.36 см': '31', '34.1" 86.61 см': '2', '35" 88.9 см': '8', '37.5" 95.25 см': '7', '38" 96.52 см': '1', '42.5" 107.95 см': '1', '42.51" 107.98 см': '1', '43" 109.22 см': '4', '43.4"110.24 см': '5', '48.5" 123.19 см': '1', '48.8" 123.95 см': '4', '49" 124.46 см': '5', '55" 139.7 см': '4', '64.5" 163.83 см': '0', '65" 165.1 см': '0', '69.51" 176.56 см': '1', '74.5" 189.23 см': '0', '85.6" 217.42 см': '0'}
[links_parser.py._click_all_elements_in:221]  'Диагональ': select all elements...
[links_parser.py._click_all_elements_in:221]  'Диагональ': unselect all elements...
[links_parser.py.make_links:94]  row_url='https://zvk.ru/catalog/kompyuternoe-oborudovanie/monitory/filter/yarkost_ekranov_new-is-260-or-290-or-300-or-320-or-330-or-350-or-370-or-430-or-440-or-450-or-500-or-550-or-600/diagonal_ekranov-is-14-or-17-or-20-or-20_7-or-21-or-21_5-or-22-or-22_5-or-23-or-23_5-or-23_6-or-23_8-or-24-or-24_1-or-24_5-or-25-or-27-or-27_6-or-27_9-or-28-or-29-or-29_5-or-30-or-31-or-31_1-or-31_5-or-32-or-34-or-34_1-or-35-or-37_5-or-38-or-42_5-or-42_51-or-43-or-43_4-or-48_5-or-48_8-or-49-or-55-or-64_5-or-65-or-69_51-or-74_5-or-85_6/'

[links_parser.py.main:255] 	https://zvk.ru/catalog/kompyuternoe-oborudovanie/noutbuki/
[links_parser.py._parse:243] {'ACER': '799', 'ALIENWARE': '10', 'APPLE': '51', 'ASUS': '613', 'DELL': '667', 'HP': '945', 'LENOVO': '1008', 'MSI': '204'}
[links_parser.py._click_all_elements_in:221]  'Производитель': select all elements...
[links_parser.py._click_all_elements_in:221]  'Производитель': unselect all elements...
[links_parser.py.make_links:94]  row_url='https://zvk.ru/catalog/kompyuternoe-oborudovanie/noutbuki/filter/proizvoditel-is-acer-or-alienware-or-apple-or-asus-or-dell-or-hp-or-lenovo-or-msi/'

[links_parser.py._parse:243] {'Intel': '3673', 'AMD': '860', 'Apple': '8'}
[links_parser.py._click_all_elements_in:221]  'Производитель процессора': select all elements...
[links_parser.py._click_all_elements_in:221]  'Производитель процессора': unselect all elements...
[links_parser.py.main:255] 	https://zvk.ru/catalog/kompyuternoe-oborudovanie/ustroystva-vvoda-i-manipulyatory/
[links_parser.py._parse:243] {'В наличии': '5', 'Под заказ': '3'}
[links_parser.py._click_all_elements_in:221]  'Наличие': select all elements...
[links_parser.py._click_all_elements_in:221]  'Наличие': unselect all elements...
[links_parser.py.make_links:94]  row_url='https://zvk.ru/catalog/kompyuternoe-oborudovanie/ustroystva-vvoda-i-manipulyatory/filter/nalichie-is-b8bb4b51-4472-11e7-8106-8ad906c0b3f3-or-b8bb4b50-4472-11e7-8106-8ad906c0b3f3/'

[links_parser.py.main:255] 	https://zvk.ru/catalog/kompyuternoe-oborudovanie/planshety/
[links_parser.py._parse:243] {'IRBIS': '1', 'TURBO': '7'}
[links_parser.py._click_all_elements_in:221]  'Производитель': select all elements...
[links_parser.py._click_all_elements_in:221]  'Производитель': unselect all elements...
[links_parser.py.make_links:94]  row_url='https://zvk.ru/catalog/kompyuternoe-oborudovanie/planshety/filter/proizvoditel-is-irbis-or-turbo/'

[links_parser.py.main:255] 	https://zvk.ru/catalog/kompyuternoe-oborudovanie/komplektuyushchie/
[links_parser.py._parse:243] {'ALLIED TELESIS': '2', 'AMD': '98', 'ASROCK': '54', 'ASUS': '260', 'DELL': '9', 'GIGABYTE': '217', 'INTEL': '359', 'MSI': '174', 'PALIT': '83', 'PILOT': '2', 'SAPPHIRE': '32'}
[links_parser.py._click_all_elements_in:221]  'Производитель': select all elements...
[links_parser.py._click_all_elements_in:221]  'Производитель': unselect all elements...
[links_parser.py.make_links:94]  row_url='https://zvk.ru/catalog/kompyuternoe-oborudovanie/komplektuyushchie/filter/proizvoditel-is-allied%20telesis-or-amd-or-asrock-or-asus-or-dell-or-gigabyte-or-intel-or-msi-or-palit-or-pilot-or-sapphire/'

[links_parser.py.main:255] 	https://zvk.ru/catalog/kompyuternoe-oborudovanie/komplektuyushchie/videokarty/
[links_parser.py._parse:243] {'2': '1', '3': '4', '4': '2', 'DUAL-RTX2070-8G': '1', 'PCI Express 3.0': '3', 'PCI Express Gen 4': '1', 'PCI-E': '3', 'PCI-E 16x 2.0': '8', 'PCI-E 16x 2.1': '1', 'PCI-E 16x 3.0': '249', 'PCI-E 16x 4.0': '33', 'PCI-E 2.0': '13', 'PCI-E 2.1': '2', 'PCI-E 3.0': '198', 'PCI-E 4.0': '15', 'PCI-E 4x 3.0': '2', 'PCI-E 8x 2.0': '9', 'PCI-E 8x 3.0': '5', 'PCI-E v2.1': '1', 'PCI-E v3.0': '2', 'RX560-O4G': '1'}
[links_parser.py._click_all_elements_in:221]  'Интерфейс': select all elements...
[links_parser.py._click_all_elements_in:221]  'Интерфейс': unselect all elements...
[links_parser.py.make_links:94]  row_url='https://zvk.ru/catalog/kompyuternoe-oborudovanie/komplektuyushchie/videokarty/filter/559-is-2-or-3-or-4-or-dual-rtx2070-8g-or-pci%20express%203.0-or-pci%20express%20gen%204-or-pci-e-or-pci-e%2016x%202.0-or-pci-e%2016x%202.1-or-pci-e%2016x%203.0-or-pci-e%2016x%204.0-or-pci-e%202.0-or-pci-e%202.1-or-pci-e%203.0-or-pci-e%204.0-or-pci-e%204x%203.0-or-pci-e%208x%202.0-or-pci-e%208x%203.0-or-pci-e%20v2.1-or-pci-e%20v3.0-or-rx560-o4g/'

[links_parser.py._parse:243] {'2048x1536': '1', '2560x1600': '12', '2560х1600': '2', '4096x2160': '53', '5120x2880': '35', '5120x3200': '1', '7680 x 4320': '1', '7680 х 4320': '3', '7680x4320': '442'}
[links_parser.py._click_all_elements_in:221]  'Максимальное разрешение': select all elements...
[links_parser.py._click_all_elements_in:221]  'Максимальное разрешение': unselect all elements...
[links_parser.py.make_links:94]  row_url='https://zvk.ru/catalog/kompyuternoe-oborudovanie/komplektuyushchie/videokarty/filter/vidcard_razresheniemax-is-2048x1536-or-5120x2880-or-5120x3200-or-7680%20x%204320-or-7680%20%D1%85%204320-or-7680x4320/'

[links_parser.py._parse:243] {'AMD Radeon HD 6450': '0', 'AMD Radeon Pro WX 3100': '0', 'AMD Radeon R5 230': '0', 'AMD Radeon R7 240': '0', 'AMD Radeon RX 550': '0', 'AMD Radeon RX 5500 XT': '0', 'AMD Radeon RX 560': '0', 'AMD Radeon RX 5600 XT': '0', 'AMD Radeon RX 570': '0', 'AMD Radeon RX 5700': '0', 'AMD Radeon RX 5700 XT': '0', 'AMD Radeon RX 580': '0', 'AMD Radeon RX 590': '0', 'GeForce 210': '0', 'GeForce GT 1030': '0', 'GeForce GT 710': '0', 'GeForce GT 730': '0', 'GeForce GTX 1050': '0', 'GeForce GTX 1050 Ti': '0', 'GeForce GTX 1060': '0', 'GeForce GTX 1070': '0', 'GeForce GTX 1070 Ti': '0', 'GeForce GTX 1080': '0', 'GeForce GTX 1080 TI': '0', 'GeForce GTX 1650': '0', 'GeForce GTX 1650 SUPER': '0', 'GeForce GTX 1660': '0', 'GeForce GTX 1660 SUPER': '0', 'GeForce GTX 1660 Ti': '0', 'GeForce GTX 1660TI': '1', 'GeForce RTX 2060': '0', 'GeForce RTX 2060 Super': '0', 'GeForce RTX 2070': '0', 'GeForce RTX 2070 Super': '1', 'GeForce RTX 2080': '0', 'GeForce RTX 2080 Super': '0', 'GeForce RTX 2080 Ti': '0', 'GP107': '0', 'NVIDIA GeForce GT 1030': '0', 'NVIDIA GeForce GT 710': '0', 'NVIDIA GeForce GT 730': '0', 'NVIDIA GeForce GTX 1050': '0', 'NVIDIA GeForce GTX 1050 Ti': '0', 'NVIDIA GeForce GTX 1060': '0', 'NVIDIA GeForce GTX 1650': '0', 'NVIDIA GeForce GTX 1650 SUPER': '0', 'NVIDIA GeForce GTX 1660': '1', 'NVIDIA GeForce GTX 1660 SUPER': '0', 'NVIDIA GeForce GTX 1660 Ti': '0', 'NVIDIA GeForce RTX 2060': '0', 'NVIDIA GeForce RTX 2060 SUPER': '0', 'NVIDIA GeForce RTX 2070': '0', 'NVIDIA GeForce RTX 2070 SUPER': '0', 'NVIDIA GeForce RTX 2080': '0', 'NVIDIA GeForce RTX 2080 SUPER': '0', 'NVIDIA GeForce RTX 2080 Ti': '0', 'NVIDIA GeForce RTX 3060': '1', 'NVIDIA GeForce RTX 3070': '0', 'NVIDIA Quadro P1000': '0', 'NVIDIA Quadro P2000': '1', 'nVidia Quadro P4000': '0', 'Polaris 11': '0', 'Quadro P620': '0', 'Quadro RTX 4000': '0', 'Radeon HD 5450': '0', 'Radeon R5 230': '0', 'Radeon RX 460': '0', 'Radeon RX 470': '0', 'Radeon RX 550': '0', 'Radeon RX 5500XT': '0', 'Radeon RX 560': '0', 'Radeon RX 5600 XT': '0', 'Radeon RX 570': '0', 'Radeon RX 5700': '0', 'Radeon RX 5700 XT': '0', 'Radeon RX 580': '0', 'Radeon RX 590': '0'}
[links_parser.py._click_all_elements_in:221]  'Графический процессор': select all elements...
[links_parser.py._click_all_elements_in:221]  'Графический процессор': unselect all elements...
[links_parser.py.make_links:94]  row_url='https://zvk.ru/catalog/kompyuternoe-oborudovanie/komplektuyushchie/videokarty/filter/vidcard_razresheniemax-is-5120x3200-or-7680%20x%204320-or-7680%20%D1%85%204320/558-is-amd%20radeon%20rx%20550-or-amd%20radeon%20rx%205500%20xt-or-amd%20radeon%20rx%20560-or-amd%20radeon%20rx%205600%20xt-or-amd%20radeon%20rx%20570-or-amd%20radeon%20rx%205700-or-amd%20radeon%20rx%205700%20xt-or-amd%20radeon%20rx%20580-or-amd%20radeon%20rx%20590-or-geforce%20210-or-geforce%20gt%201030-or-geforce%20gt%20710-or-geforce%20gt%20730-or-geforce%20gtx%201050-or-geforce%20gtx%201050%20ti-or-geforce%20gtx%201060-or-geforce%20gtx%201070-or-geforce%20gtx%201070%20ti-or-geforce%20gtx%201080-or-geforce%20gtx%201080%20ti-or-geforce%20gtx%201650-or-geforce%20gtx%201650%20super-or-geforce%20gtx%201660-or-geforce%20gtx%201660%20super-or-geforce%20gtx%201660%20ti-or-geforce%20gtx%201660ti-or-geforce%20rtx%202060-or-geforce%20rtx%202060%20super-or-geforce%20rtx%202070-or-geforce%20rtx%202070%20super-or-geforce%20rtx%202080-or-geforce%20rtx%202080%20super-or-geforce%20rtx%202080%20ti-or-gp107-or-nvidia%20geforce%20gt%201030-or-nvidia%20geforce%20gt%20710-or-nvidia%20geforce%20gt%20730-or-nvidia%20geforce%20gtx%201050-or-nvidia%20geforce%20gtx%201050%20ti-or-nvidia%20geforce%20gtx%201060-or-nvidia%20geforce%20gtx%201650-or-nvidia%20geforce%20gtx%201650%20super-or-nvidia%20geforce%20gtx%201660-or-nvidia%20geforce%20gtx%201660%20super-or-nvidia%20geforce%20gtx%201660%20ti-or-nvidia%20geforce%20rtx%202060-or-nvidia%20geforce%20rtx%202060%20super-or-nvidia%20geforce%20rtx%202070-or-nvidia%20geforce%20rtx%202070%20super-or-nvidia%20geforce%20rtx%202080-or-nvidia%20geforce%20rtx%202080%20super-or-nvidia%20geforce%20rtx%202080%20ti-or-nvidia%20geforce%20rtx%203060-or-nvidia%20geforce%20rtx%203070-or-nvidia%20quadro%20p1000-or-nvidia%20quadro%20p2000-or-nvidia%20quadro%20p4000-or-polaris%2011-or-quadro%20p620-or-quadro%20rtx%204000-or-radeon%20hd%205450-or-radeon%20r5%20230-or-radeon%20rx%20460-or-radeon%20rx%20470-or-radeon%20rx%20550-or-radeon%20rx%205500xt-or-radeon%20rx%20560-or-radeon%20rx%205600%20xt-or-radeon%20rx%20570-or-radeon%20rx%205700-or-radeon%20rx%205700%20xt-or-radeon%20rx%20580-or-radeon%20rx%20590/'

[links_parser.py.main:255] 	https://zvk.ru/catalog/kompyuternoe-oborudovanie/komplektuyushchie/moduli-pamyati/
[links_parser.py._parse:243] {'A-DATA': '1', 'AMD': '1', 'CORSAIR': '1', 'CRUCIAL': '1', 'HYNIX': '1', 'KINGMAX': '1', 'KINGSTON': '1', 'PATRIOT': '1', 'SILICON POWER': '1', 'TRANSCEND': '1'}
[links_parser.py._click_all_elements_in:221]  'Бренд': select all elements...
[links_parser.py._click_all_elements_in:221]  'Бренд': unselect all elements...
[links_parser.py.make_links:94]  row_url='https://zvk.ru/catalog/kompyuternoe-oborudovanie/komplektuyushchie/moduli-pamyati/filter/brand-is-a-data-or-amd-or-corsair-or-crucial-or-hynix-or-kingmax-or-kingston-or-patriot-or-silicon_power-or-transcend/'

[links_parser.py._parse:243] {'В наличии': '288', 'Под заказ': '713'}
[links_parser.py._click_all_elements_in:221]  'Наличие': select all elements...
[links_parser.py._click_all_elements_in:221]  'Наличие': unselect all elements...
[links_parser.py.make_links:94]  row_url='https://zvk.ru/catalog/kompyuternoe-oborudovanie/komplektuyushchie/moduli-pamyati/filter/nalichie-is-b8bb4b51-4472-11e7-8106-8ad906c0b3f3/'

[links_parser.py.main:255] 	https://zvk.ru/catalog/kompyuternoe-oborudovanie/komplektuyushchie/protsessory/
[links_parser.py._parse:243] {'AMD': '100', 'INTEL': '356'}
[links_parser.py._click_all_elements_in:221]  'Бренд': select all elements...
[links_parser.py._click_all_elements_in:221]  'Бренд': unselect all elements...
[links_parser.py.make_links:94]  row_url='https://zvk.ru/catalog/kompyuternoe-oborudovanie/komplektuyushchie/protsessory/filter/brand-is-amd-or-intel/'

[links_parser.py._parse:243] {'ALLIED TELESIS': '2', 'AMD': '98', 'INTEL': '356'}
[links_parser.py._click_all_elements_in:221]  'Производитель': select all elements...
[links_parser.py._click_all_elements_in:221]  'Производитель': unselect all elements...
[links_parser.py.make_links:94]  row_url='https://zvk.ru/catalog/kompyuternoe-oborudovanie/komplektuyushchie/protsessory/filter/proizvoditel-is-allied%20telesis/'

[links_parser.py._parse:243] {'В наличии': '121', 'Под заказ': '400'}
[links_parser.py._click_all_elements_in:221]  'Наличие': select all elements...
[links_parser.py._click_all_elements_in:221]  'Наличие': unselect all elements...
[links_parser.py.make_links:94]  row_url='https://zvk.ru/catalog/kompyuternoe-oborudovanie/komplektuyushchie/protsessory/filter/nalichie-is-b8bb4b51-4472-11e7-8106-8ad906c0b3f3-or-b8bb4b50-4472-11e7-8106-8ad906c0b3f3/'

[links_parser.py.main:255] 	https://zvk.ru/catalog/kompyuternoe-oborudovanie/komplektuyushchie/ssd-nakopiteli/
[links_parser.py._parse:243] {'A-DATA': '22', 'CORSAIR': '1', 'CRUCIAL': '9', 'GOODRAM': '1', 'INTEL': '27', 'KINGSTON': '1', 'PATRIOT': '6', 'PLEXTOR': '17', 'SAMSUNG': '18', 'SANDISK': '8', 'SEAGATE': '1', 'TOSHIBA': '1', 'TRANSCEND': '11', 'WD': '16'}
[links_parser.py._click_all_elements_in:221]  'Бренд': select all elements...
[links_parser.py._click_all_elements_in:221]  'Бренд': unselect all elements...
[links_parser.py.make_links:94]  row_url='https://zvk.ru/catalog/kompyuternoe-oborudovanie/komplektuyushchie/ssd-nakopiteli/filter/brand-is-a-data-or-corsair-or-crucial-or-goodram-or-intel-or-kingston-or-patriot-or-plextor-or-samsung-or-sandisk-or-seagate-or-toshiba-or-transcend-or-wd/'

[links_parser.py._parse:243] {'INTEL': '1'}
[links_parser.py._click_all_elements_in:221]  'Производитель': select all elements...
[links_parser.py._click_all_elements_in:221]  'Производитель': unselect all elements...
[links_parser.py.make_links:94]  row_url='https://zvk.ru/catalog/kompyuternoe-oborudovanie/komplektuyushchie/ssd-nakopiteli/filter/proizvoditel-is-intel/'

[links_parser.py._parse:243] {'В наличии': '264', 'Под заказ': '557'}
[links_parser.py._click_all_elements_in:221]  'Наличие': select all elements...
[links_parser.py._click_all_elements_in:221]  'Наличие': unselect all elements...
[links_parser.py.make_links:94]  row_url='https://zvk.ru/catalog/kompyuternoe-oborudovanie/komplektuyushchie/ssd-nakopiteli/filter/nalichie-is-b8bb4b51-4472-11e7-8106-8ad906c0b3f3-or-b8bb4b50-4472-11e7-8106-8ad906c0b3f3/'

[links_parser.py.main:255] 	https://zvk.ru/catalog/kompyuternoe-oborudovanie/komplektuyushchie/zhestkie-diski/
[links_parser.py._parse:243] {'В наличии': '239', 'Под заказ': '308'}
[links_parser.py._click_all_elements_in:221]  'Наличие': select all elements...
[links_parser.py._click_all_elements_in:221]  'Наличие': unselect all elements...
[links_parser.py.make_links:94]  row_url='https://zvk.ru/catalog/kompyuternoe-oborudovanie/komplektuyushchie/zhestkie-diski/filter/nalichie-is-b8bb4b51-4472-11e7-8106-8ad906c0b3f3-or-b8bb4b50-4472-11e7-8106-8ad906c0b3f3/'

[links_parser.py.main:255] 	https://zvk.ru/catalog/kompyuternoe-oborudovanie/komplektuyushchie/korpusa/
[links_parser.py._parse:243] {'В наличии': '195', 'Под заказ': '337'}
[links_parser.py._click_all_elements_in:221]  'Наличие': select all elements...
[links_parser.py._click_all_elements_in:221]  'Наличие': unselect all elements...
[links_parser.py.make_links:94]  row_url='https://zvk.ru/catalog/kompyuternoe-oborudovanie/komplektuyushchie/korpusa/filter/nalichie-is-b8bb4b51-4472-11e7-8106-8ad906c0b3f3-or-b8bb4b50-4472-11e7-8106-8ad906c0b3f3/'

[links_parser.py.main:255] 	https://zvk.ru/catalog/kompyuternoe-oborudovanie/komplektuyushchie/bloki-pitaniya/
[links_parser.py._parse:243] {'В наличии': '201', 'Под заказ': '200'}
[links_parser.py._click_all_elements_in:221]  'Наличие': select all elements...
[links_parser.py._click_all_elements_in:221]  'Наличие': unselect all elements...
[links_parser.py.make_links:94]  row_url='https://zvk.ru/catalog/kompyuternoe-oborudovanie/komplektuyushchie/bloki-pitaniya/filter/nalichie-is-b8bb4b51-4472-11e7-8106-8ad906c0b3f3-or-b8bb4b50-4472-11e7-8106-8ad906c0b3f3/'

[links_parser.py.main:255] 	https://zvk.ru/catalog/kompyuternoe-oborudovanie/komplektuyushchie/kulery/
[links_parser.py._parse:243] {'В наличии': '107', 'Под заказ': '167'}
[links_parser.py._click_all_elements_in:221]  'Наличие': select all elements...
[links_parser.py._click_all_elements_in:221]  'Наличие': unselect all elements...
[links_parser.py.make_links:94]  row_url='https://zvk.ru/catalog/kompyuternoe-oborudovanie/komplektuyushchie/kulery/filter/nalichie-is-b8bb4b51-4472-11e7-8106-8ad906c0b3f3-or-b8bb4b50-4472-11e7-8106-8ad906c0b3f3/'

[links_parser.py.main:255] 	https://zvk.ru/catalog/kompyuternoe-oborudovanie/komplektuyushchie/materinskie-platy/
[links_parser.py._parse:243] {'AM3+': '6', 'AM4': '78', 'FCBGA1090': '4', 'FCBGA1170': '4', 'LGA1150': '5', 'LGA1151': '19', 'LGA1151 v2': '128', 'LGA1155': '4', 'LGA1200': '14', 'LGA2066': '9', 'sTRX4': '3', 'TR4': '5'}
[links_parser.py._click_all_elements_in:221]  'Сокет': select all elements...
[links_parser.py._click_all_elements_in:221]  'Сокет': unselect all elements...
[links_parser.py.make_links:94]  row_url='https://zvk.ru/catalog/kompyuternoe-oborudovanie/komplektuyushchie/materinskie-platy/filter/mb_socket-is-am3_pluss-or-am4-or-fcbga1090-or-fcbga1170-or-lga1150-or-lga1151-or-lga1151_v2-or-lga1155-or-lga1200-or-lga2066-or-strx4-or-tr4/'

[links_parser.py._parse:243] {'ATX': '132', 'EATX': '7', 'microATX': '119', 'mini-ITX': '25', 'thin mini-ITX': '3'}
[links_parser.py._click_all_elements_in:221]  'Форм-фактор': select all elements...
[links_parser.py._click_all_elements_in:221]  'Форм-фактор': unselect all elements...
[links_parser.py.make_links:94]  row_url='https://zvk.ru/catalog/kompyuternoe-oborudovanie/komplektuyushchie/materinskie-platy/filter/mb_formfactor-is-af5288eedcbeb493bbb6c12c8c41e3c9-or-0e9c0e2a87ddda5995e04c62ab318e89/'

[links_parser.py._parse:243] {'Да': '135', 'Нет': '21'}
[links_parser.py._click_all_elements_in:221]  'Игровая': select all elements...
[links_parser.py._click_all_elements_in:221]  'Игровая': unselect all elements...
[links_parser.py.make_links:94]  row_url='https://zvk.ru/catalog/kompyuternoe-oborudovanie/komplektuyushchie/materinskie-platy/filter/mb_gaming-is-9ada13782990f1524011ae5cfc6e4978-or-c1bea13fa1fc9501ea78d8e364205a58/'

[links_parser.py._parse:243] {'DDR3 DIMM': '15', 'DDR3 SO-DIMM': '2', 'DDR3/DDR3L DIMM': '1', 'DDR3L SO-DIMM': '4', 'DDR4 DIMM': '256', 'DDR4 SO-DIMM': '6', 'DDR4 UDIMM': '1'}
[links_parser.py._click_all_elements_in:221]  'Тип памяти': select all elements...
[links_parser.py._click_all_elements_in:221]  'Тип памяти': unselect all elements...
[links_parser.py.make_links:94]  row_url='https://zvk.ru/catalog/kompyuternoe-oborudovanie/komplektuyushchie/materinskie-platy/filter/mb_tippamyati-is-2e49f3ea8a48bc8b36fe55322988a61e-or-4f8e7fdba4129f52cd1672abc295fa8d/'

[links_parser.py._parse:243] {'Есть': '17', 'Нет': '263'}
[links_parser.py._click_all_elements_in:221]  'Встроенный процессор': select all elements...
[links_parser.py._click_all_elements_in:221]  'Встроенный процессор': unselect all elements...
[links_parser.py.make_links:94]  row_url='https://zvk.ru/catalog/kompyuternoe-oborudovanie/komplektuyushchie/materinskie-platy/filter/mb_integercpu-is-38dc8926b795435b647d60746477147e-or-9e51b822be322a906b5871099969bc54/'

[links_parser.py._parse:243] {'AMD': '90', 'Intel': '190'}
[links_parser.py._click_all_elements_in:221]  'Производитель чипсета': select all elements...
[links_parser.py._click_all_elements_in:221]  'Производитель чипсета': unselect all elements...
[links_parser.py.make_links:94]  row_url='https://zvk.ru/catalog/kompyuternoe-oborudovanie/komplektuyushchie/materinskie-platy/filter/mb_brandchipset-is-amd-or-intel/'

[links_parser.py._parse:243] {'PCI-E': '3', 'PCI-E 4.0/3.0': '2', 'PCI-E/SATA 3.0': '236'}
[links_parser.py._click_all_elements_in:221]  'Тип интерфейса M.2': select all elements...
[links_parser.py._click_all_elements_in:221]  'Тип интерфейса M.2': unselect all elements...
[links_parser.py.make_links:94]  row_url='https://zvk.ru/catalog/kompyuternoe-oborudovanie/komplektuyushchie/materinskie-platy/filter/mb_m2type-is-13a813e9618b631bfd64cfd6a28981df-or-f55f712029c0a35eac5c62e404b4d8dd-or-38bd0c590a0178f3483dca97d0276b50/'

[links_parser.py._parse:243] {'Есть': '16', 'Нет': '179'}
[links_parser.py._click_all_elements_in:221]  'Встроенная графика': select all elements...
[links_parser.py._click_all_elements_in:221]  'Встроенная графика': unselect all elements...
[links_parser.py.make_links:94]  row_url='https://zvk.ru/catalog/kompyuternoe-oborudovanie/komplektuyushchie/materinskie-platy/filter/mb_vstrgraph-is-18494bf415670215befd0f724f6a2885-or-ad8b3a481f7303491f0b934d9ff7ba24/'

[links_parser.py._parse:243] {'ATI Radeon HD3000': '3', 'Intel GMA 3150': '1', 'Intel HD': '9'}
[links_parser.py._click_all_elements_in:221]  'Графический чипсет': select all elements...
[links_parser.py._click_all_elements_in:221]  'Графический чипсет': unselect all elements...
[links_parser.py.make_links:94]  row_url='https://zvk.ru/catalog/kompyuternoe-oborudovanie/komplektuyushchie/materinskie-platy/filter/mb_graphchipset-is-174ccea80d53ef21e4686e55e21b5200-or-4fc73793fcf73383a3786c45fa736278-or-27bf8132efe0220c92e3d43497880e41/'

[links_parser.py._parse:243] {'ASROCK': '49', 'ASUS': '107', 'GIGABYTE': '70', 'INTEL': '2', 'MSI': '52'}
[links_parser.py._click_all_elements_in:221]  'Производитель': select all elements...
[links_parser.py._click_all_elements_in:221]  'Производитель': unselect all elements...
[links_parser.py.make_links:94]  row_url='https://zvk.ru/catalog/kompyuternoe-oborudovanie/komplektuyushchie/materinskie-platy/filter/proizvoditel-is-asrock/'

[links_parser.py._parse:243] {'В наличии': '82', 'Под заказ': '436'}
[links_parser.py._click_all_elements_in:221]  'Наличие': select all elements...
[links_parser.py._click_all_elements_in:221]  'Наличие': unselect all elements...
[links_parser.py.make_links:94]  row_url='https://zvk.ru/catalog/kompyuternoe-oborudovanie/komplektuyushchie/materinskie-platy/filter/nalichie-is-b8bb4b51-4472-11e7-8106-8ad906c0b3f3-or-b8bb4b50-4472-11e7-8106-8ad906c0b3f3/'

[links_parser.py.main:262]  - All urls in "kompyuternoe-oborudovanie" parsed done! -

[links_parser.py.main:252] stopkoronavirus:
[links_parser.py.main:255] 	https://zvk.ru/catalog/stopkoronavirus/retsirkulyatory/
[links_parser.py._parse:243] {'PURGE TECHNOLOGY': '51', 'SVT': '1', 'АРГАТА': '12', 'ГРИТТО': '6', 'КАРМА': '34', 'ЭКО-Р': '17'}
[links_parser.py._click_all_elements_in:221]  'Производитель': select all elements...
[links_parser.py._click_all_elements_in:221]  'Производитель': unselect all elements...
[links_parser.py.make_links:94]  row_url='https://zvk.ru/catalog/stopkoronavirus/retsirkulyatory/filter/proizvoditel-is-purgetechnology-or-svt-or-argata-or-gritto-or-karma-or-eko_r/'

[links_parser.py._parse:243] {'100 Вт 1 лампа 100Вт': '2', '120 4 лампы по 30Вт': '4', '120 Вт 2 лампы по 60Вт': '1', '120 Вт 4 лампы по 30Вт': '11', '15 Вт 1 лампа 15Вт': '14', '150 Вт 1 лампа 150Вт': '1', '180 Вт 6 ламп по 30Вт': '4', '2,5 Вт 1 лампа 2,5Вт': '2', '240 Вт 4 лампы по 60Вт': '1', '240 Вт 8 ламп по 30Вт': '2', '275 Вт 5 ламп по 55Вт': '1', '30 1 лампа 30Вт': '2', '30 2 лампы по 15Вт': '2', '30 Вт 1 лампа 30Вт': '12', '30 Вт 2 лампы по 15 Вт': '1', '30 Вт 2 лампы по 15Вт': '10', '300 Вт 10 ламп по 30Вт': '2', '40 Вт 1 лампа 40Вт': '1', '420 Вт 14 ламп по 30Вт': '2', '45 3 лампы по 15Вт': '1', '45 Вт 1 лампа 45Вт': '2', '45 Вт 3 лампы по 15Вт': '7', '48 1 лампа 48Вт': '1', '5 Вт 1 лампа 5Вт': '2', '60 2 лампы по 30Вт': '4', '60 Вт 1 лампа 60Вт': '2', '60 Вт 2 лампы по 30Вт': '17', '600 Вт 10 ламп по 60Вт': '1', '65 Вт 1 лампа 65Вт': '1', '90 Вт 3 лампы по 30Вт': '3'}
[links_parser.py._click_all_elements_in:221]  'Общая мощность ламп': select all elements...
[links_parser.py._click_all_elements_in:221]  'Общая мощность ламп': unselect all elements...
[links_parser.py.make_links:94]  row_url='https://zvk.ru/catalog/stopkoronavirus/retsirkulyatory/filter/karma_mosch-is-15%20%D0%B2%D1%82%20%281%20%D0%BB%D0%B0%D0%BC%D0%BF%D0%B0%2015%D0%B2%D1%82%29-or-150%20%D0%B2%D1%82%20%281%20%D0%BB%D0%B0%D0%BC%D0%BF%D0%B0%20150%D0%B2%D1%82%29-or-180%20%D0%B2%D1%82%20%286%20%D0%BB%D0%B0%D0%BC%D0%BF%20%D0%BF%D0%BE%2030%D0%B2%D1%82%29-or-2%2C5%20%D0%B2%D1%82%20%281%20%D0%BB%D0%B0%D0%BC%D0%BF%D0%B0%202%2C5%D0%B2%D1%82%29-or-240%20%D0%B2%D1%82%20%284%20%D0%BB%D0%B0%D0%BC%D0%BF%D1%8B%20%D0%BF%D0%BE%2060%D0%B2%D1%82%29-or-240%20%D0%B2%D1%82%20%288%20%D0%BB%D0%B0%D0%BC%D0%BF%20%D0%BF%D0%BE%2030%D0%B2%D1%82%29-or-275%20%D0%B2%D1%82%20%285%20%D0%BB%D0%B0%D0%BC%D0%BF%20%D0%BF%D0%BE%2055%D0%B2%D1%82%29-or-30%20%281%20%D0%BB%D0%B0%D0%BC%D0%BF%D0%B0%2030%D0%B2%D1%82%29-or-30%20%282%20%D0%BB%D0%B0%D0%BC%D0%BF%D1%8B%20%D0%BF%D0%BE%2015%D0%B2%D1%82%29-or-30%20%D0%B2%D1%82%20%281%20%D0%BB%D0%B0%D0%BC%D0%BF%D0%B0%2030%D0%B2%D1%82%29-or-30%20%D0%B2%D1%82%20%282%20%D0%BB%D0%B0%D0%BC%D0%BF%D1%8B%20%D0%BF%D0%BE%2015%20%D0%B2%D1%82%29-or-30%20%D0%B2%D1%82%20%282%20%D0%BB%D0%B0%D0%BC%D0%BF%D1%8B%20%D0%BF%D0%BE%2015%D0%B2%D1%82%29-or-300%20%D0%B2%D1%82%20%2810%20%D0%BB%D0%B0%D0%BC%D0%BF%20%D0%BF%D0%BE%2030%D0%B2%D1%82%29-or-40%20%D0%B2%D1%82%20%281%20%D0%BB%D0%B0%D0%BC%D0%BF%D0%B0%2040%D0%B2%D1%82%29-or-420%20%D0%B2%D1%82%20%2814%20%D0%BB%D0%B0%D0%BC%D0%BF%20%D0%BF%D0%BE%2030%D0%B2%D1%82%29-or-45%20%283%20%D0%BB%D0%B0%D0%BC%D0%BF%D1%8B%20%D0%BF%D0%BE%2015%D0%B2%D1%82%29-or-45%20%D0%B2%D1%82%20%281%20%D0%BB%D0%B0%D0%BC%D0%BF%D0%B0%2045%D0%B2%D1%82%29-or-45%20%D0%B2%D1%82%20%283%20%D0%BB%D0%B0%D0%BC%D0%BF%D1%8B%20%D0%BF%D0%BE%2015%D0%B2%D1%82%29-or-48%20%281%20%D0%BB%D0%B0%D0%BC%D0%BF%D0%B0%2048%D0%B2%D1%82%29-or-5%20%D0%B2%D1%82%20%281%20%D0%BB%D0%B0%D0%BC%D0%BF%D0%B0%205%D0%B2%D1%82%29-or-60%20%282%20%D0%BB%D0%B0%D0%BC%D0%BF%D1%8B%20%D0%BF%D0%BE%2030%D0%B2%D1%82%29-or-60%20%D0%B2%D1%82%20%281%20%D0%BB%D0%B0%D0%BC%D0%BF%D0%B0%2060%D0%B2%D1%82%29-or-60%20%D0%B2%D1%82%20%282%20%D0%BB%D0%B0%D0%BC%D0%BF%D1%8B%20%D0%BF%D0%BE%2030%D0%B2%D1%82%29-or-600%20%D0%B2%D1%82%20%2810%20%D0%BB%D0%B0%D0%BC%D0%BF%20%D0%BF%D0%BE%2060%D0%B2%D1%82%29-or-65%20%D0%B2%D1%82%20%281%20%D0%BB%D0%B0%D0%BC%D0%BF%D0%B0%2065%D0%B2%D1%82%29-or-90%20%D0%B2%D1%82%20%283%20%D0%BB%D0%B0%D0%BC%D0%BF%D1%8B%20%D0%BF%D0%BE%2030%D0%B2%D1%82%29/'

[links_parser.py._parse:243] {'253,7': '0', '253,7 нм': '18', '253.7 нм': '19', '254 нм': '7', '275 нм': '0'}
[links_parser.py._click_all_elements_in:221]  'Длина волны': select all elements...
[links_parser.py._click_all_elements_in:221]  'Длина волны': unselect all elements...
[links_parser.py.make_links:94]  row_url='https://zvk.ru/catalog/stopkoronavirus/retsirkulyatory/filter/karma_mosch-is-100%20%D0%B2%D1%82%20%281%20%D0%BB%D0%B0%D0%BC%D0%BF%D0%B0%20100%D0%B2%D1%82%29-or-120%20%284%20%D0%BB%D0%B0%D0%BC%D0%BF%D1%8B%20%D0%BF%D0%BE%2030%D0%B2%D1%82%29-or-120%20%D0%B2%D1%82%20%282%20%D0%BB%D0%B0%D0%BC%D0%BF%D1%8B%20%D0%BF%D0%BE%2060%D0%B2%D1%82%29-or-120%20%D0%B2%D1%82%20%284%20%D0%BB%D0%B0%D0%BC%D0%BF%D1%8B%20%D0%BF%D0%BE%2030%D0%B2%D1%82%29-or-48%20%281%20%D0%BB%D0%B0%D0%BC%D0%BF%D0%B0%2048%D0%B2%D1%82%29-or-5%20%D0%B2%D1%82%20%281%20%D0%BB%D0%B0%D0%BC%D0%BF%D0%B0%205%D0%B2%D1%82%29-or-60%20%282%20%D0%BB%D0%B0%D0%BC%D0%BF%D1%8B%20%D0%BF%D0%BE%2030%D0%B2%D1%82%29-or-60%20%D0%B2%D1%82%20%281%20%D0%BB%D0%B0%D0%BC%D0%BF%D0%B0%2060%D0%B2%D1%82%29-or-60%20%D0%B2%D1%82%20%282%20%D0%BB%D0%B0%D0%BC%D0%BF%D1%8B%20%D0%BF%D0%BE%2030%D0%B2%D1%82%29-or-600%20%D0%B2%D1%82%20%2810%20%D0%BB%D0%B0%D0%BC%D0%BF%20%D0%BF%D0%BE%2060%D0%B2%D1%82%29-or-65%20%D0%B2%D1%82%20%281%20%D0%BB%D0%B0%D0%BC%D0%BF%D0%B0%2065%D0%B2%D1%82%29/karma_dlinavolny-is-253%2C7-or-275%20%D0%BD%D0%BC/'

[links_parser.py.main:255] 	https://zvk.ru/catalog/stopkoronavirus/podstavki-dlya-retsirkulyatorov/
[links_parser.py._parse:243] {'PURGE TECHNOLOGY': '5', 'КАРМА': '6'}
[links_parser.py._click_all_elements_in:221]  'Производитель': select all elements...
[links_parser.py._click_all_elements_in:221]  'Производитель': unselect all elements...
[links_parser.py.make_links:94]  row_url='https://zvk.ru/catalog/stopkoronavirus/podstavki-dlya-retsirkulyatorov/filter/proizvoditel-is-purgetechnology-or-karma/'

[links_parser.py._parse:243] {'В наличии': '5', 'Под заказ': '6'}
[links_parser.py._click_all_elements_in:221]  'Наличие': select all elements...
[links_parser.py._click_all_elements_in:221]  'Наличие': unselect all elements...
[links_parser.py.make_links:94]  row_url='https://zvk.ru/catalog/stopkoronavirus/podstavki-dlya-retsirkulyatorov/filter/nalichie-is-b8bb4b51-4472-11e7-8106-8ad906c0b3f3/'

[links_parser.py.main:255] 	https://zvk.ru/catalog/stopkoronavirus/dezinfitsiruyushchie-sredstva/
[links_parser.py._parse:243] {'В наличии': '7', 'Под заказ': '1'}
[links_parser.py._click_all_elements_in:221]  'Наличие': select all elements...
[links_parser.py._click_all_elements_in:221]  'Наличие': unselect all elements...
[links_parser.py.make_links:94]  row_url='https://zvk.ru/catalog/stopkoronavirus/dezinfitsiruyushchie-sredstva/filter/nalichie-is-b8bb4b51-4472-11e7-8106-8ad906c0b3f3-or-b8bb4b50-4472-11e7-8106-8ad906c0b3f3/'

[links_parser.py.main:255] 	https://zvk.ru/catalog/stopkoronavirus/maski/
[links_parser.py._parse:243] {'Одноразовая': '5'}
[links_parser.py._click_all_elements_in:221]  'Тип маски': select all elements...
[links_parser.py._click_all_elements_in:221]  'Тип маски': unselect all elements...
[links_parser.py.make_links:94]  row_url='https://zvk.ru/catalog/stopkoronavirus/maski/filter/mask_tip-is-fac3492d14c1232a27ac74acce01e4f1/'

[links_parser.py._parse:243] {'3': '5'}
[links_parser.py._click_all_elements_in:221]  'Количество слоев': select all elements...
[links_parser.py._click_all_elements_in:221]  'Количество слоев': unselect all elements...
[links_parser.py.make_links:94]  row_url='https://zvk.ru/catalog/stopkoronavirus/maski/filter/mask_sloyev-is-6c54482adb05e2d7f081b26d9f676891/'

[links_parser.py._parse:243] {'СМС Спанбонд, Мельтблаун, Спанбонд': '4', 'СС Спанбонд, Спанбонд': '1'}
[links_parser.py._click_all_elements_in:221]  'Фильтрующий материал': select all elements...
[links_parser.py._click_all_elements_in:221]  'Фильтрующий материал': unselect all elements...
[links_parser.py.make_links:94]  row_url='https://zvk.ru/catalog/stopkoronavirus/maski/filter/mask_filter-is-a6e1fe0f08c286272a7dc9eee7801072/'

[links_parser.py._parse:243] {'Есть': '5'}
[links_parser.py._click_all_elements_in:221]  'Наличие носового фиксатора': select all elements...
[links_parser.py._click_all_elements_in:221]  'Наличие носового фиксатора': unselect all elements...
[links_parser.py.make_links:94]  row_url='https://zvk.ru/catalog/stopkoronavirus/maski/filter/mask_nose-is-d53b5fd0754925388481a7de3a921b0f/'

[links_parser.py._parse:243] {'Нет': '5'}
[links_parser.py._click_all_elements_in:221]  'Наличие клапана': select all elements...
[links_parser.py._click_all_elements_in:221]  'Наличие клапана': unselect all elements...
[links_parser.py.make_links:94]  row_url='https://zvk.ru/catalog/stopkoronavirus/maski/filter/mask_klapan-is-44fe61a88b32a259974245f02af9609f/'

[links_parser.py._parse:243] {'ГОСТ Р 58396-2019': '5'}
[links_parser.py._click_all_elements_in:221]  'Сертификат соответствия': select all elements...
[links_parser.py._click_all_elements_in:221]  'Сертификат соответствия': unselect all elements...
[links_parser.py.make_links:94]  row_url='https://zvk.ru/catalog/stopkoronavirus/maski/filter/mask_sertificate-is-8da31d11f57b0492156490a3dfb33654/'

[links_parser.py._parse:243] {'175x95': '5'}
[links_parser.py._click_all_elements_in:221]  'Размеры мм (+-5мм)': select all elements...
[links_parser.py._click_all_elements_in:221]  'Размеры мм (+-5мм)': unselect all elements...
[links_parser.py.make_links:94]  row_url='https://zvk.ru/catalog/stopkoronavirus/maski/filter/mask_razmery-is-ba47b6c2a1b901d05b3b116911bae34c/'

[links_parser.py._parse:243] {'Распродан': '2'}
[links_parser.py._click_all_elements_in:221]  'Наличие': select all elements...
[links_parser.py._click_all_elements_in:221]  'Наличие': unselect all elements...
[links_parser.py.make_links:94]  row_url='https://zvk.ru/catalog/stopkoronavirus/maski/filter/nalichie-is-c66da279-5eb3-11ea-93f0-002590e49921/'

[links_parser.py.main:262]  - All urls in "stopkoronavirus" parsed done! -

[links_parser.py.main:252] elektronika:
[links_parser.py.main:255] 	https://zvk.ru/catalog/elektronika/smartfony/
[links_parser.py._parse:243] {'6.2': '8', '6.7': '6', '6.8': '4'}
[links_parser.py._click_all_elements_in:221]  'Дисплей': select all elements...
[links_parser.py._click_all_elements_in:221]  'Дисплей': unselect all elements...
[links_parser.py.make_links:94]  row_url='https://zvk.ru/catalog/elektronika/smartfony/filter/smartphone_display-is-6_2-or-6_7-or-6_8/'

[links_parser.py._parse:243] {'2400x1080': '14', '3200x1440': '4'}
[links_parser.py._click_all_elements_in:221]  'Разрешение дисплея': select all elements...
[links_parser.py._click_all_elements_in:221]  'Разрешение дисплея': unselect all elements...
[links_parser.py.make_links:94]  row_url='https://zvk.ru/catalog/elektronika/smartfony/filter/smartphone_resolution-is-6893c3e4723372a49d1687e00dacb4e5/'

[links_parser.py._parse:243] {'12': '4', '8': '14'}
[links_parser.py._click_all_elements_in:221]  'Объем оперативной памяти, ГБ': select all elements...
[links_parser.py._click_all_elements_in:221]  'Объем оперативной памяти, ГБ': unselect all elements...
[links_parser.py.make_links:94]  row_url='https://zvk.ru/catalog/elektronika/smartfony/filter/smartphone_operativa-is-01f3eabd023e178099214c36f420c67d-or-eb1b648b36573ca11302fed5404ab8a6/'

[links_parser.py._parse:243] {'128': '9', '256': '9'}
[links_parser.py._click_all_elements_in:221]  'Встроенная память, ГБ': select all elements...
[links_parser.py._click_all_elements_in:221]  'Встроенная память, ГБ': unselect all elements...
[links_parser.py.make_links:94]  row_url='https://zvk.ru/catalog/elektronika/smartfony/filter/smartphone_ram-is-d847a68ea51eb6ca72154e2afb78d662-or-5c2948525edb223c9fc2611646e7bd20/'

[links_parser.py._parse:243] {'3': '14', '4': '4'}
[links_parser.py._click_all_elements_in:221]  'Количество камер': select all elements...
[links_parser.py._click_all_elements_in:221]  'Количество камер': unselect all elements...
[links_parser.py.make_links:94]  row_url='https://zvk.ru/catalog/elektronika/smartfony/filter/smartphone_colvocamer-is-ffde177e5af4bd81de97206a03f4a3a0-or-a4bd4668dab5b4bff8134efa220dc137/'

[links_parser.py._parse:243] {'2SIM': '18'}
[links_parser.py._click_all_elements_in:221]  'Количество SIM-карт': select all elements...
[links_parser.py._click_all_elements_in:221]  'Количество SIM-карт': unselect all elements...
[links_parser.py.make_links:94]  row_url='https://zvk.ru/catalog/elektronika/smartfony/filter/smartphone_kolvosim-is-468efb5b294fe484c0ef83a7d7712a78/'

[links_parser.py._parse:243] {'4000': '8', '4800': '6', '5000': '4'}
[links_parser.py._click_all_elements_in:221]  'Емкость стандартного аккумулятора, мАч': select all elements...
[links_parser.py._click_all_elements_in:221]  'Емкость стандартного аккумулятора, мАч': unselect all elements...
[links_parser.py.make_links:94]  row_url='https://zvk.ru/catalog/elektronika/smartfony/filter/smartphone_akkum-is-2ad171811ddb16fa45203df322cb7af5-or-7b01dc9d1dae3a09b86b3d1d481a0b82-or-30bf10a20d4248263e34769c567dbbcd/'

[links_parser.py._parse:243] {'Есть': '18'}
[links_parser.py._click_all_elements_in:221]  'Технология 4G (LTE)': select all elements...
[links_parser.py._click_all_elements_in:221]  'Технология 4G (LTE)': unselect all elements...
[links_parser.py.make_links:94]  row_url='https://zvk.ru/catalog/elektronika/smartfony/filter/smartphone_4g-is-1f5b4ace362709c5c56d27c4cfb5ca9c/'

[links_parser.py._parse:243] {'Белый': '2', 'Розовый': '2', 'Серебряный': '5', 'Серый': '2', 'Фиолетовый': '3', 'Черный': '4'}
[links_parser.py._click_all_elements_in:221]  'Цвет': select all elements...
[links_parser.py._click_all_elements_in:221]  'Цвет': unselect all elements...
[links_parser.py.make_links:94]  row_url='https://zvk.ru/catalog/elektronika/smartfony/filter/smartphone_color-is-cbf391d50f8798795f76ec3504d555c2-or-6af2c66920cb31186b19c15b734250d1-or-75150f7413060d935e487efcc91cdaac/'

[links_parser.py._parse:243] {'В наличии': '18'}
[links_parser.py._click_all_elements_in:221]  'Наличие': select all elements...
[links_parser.py._click_all_elements_in:221]  'Наличие': unselect all elements...
[links_parser.py.make_links:94]  row_url='https://zvk.ru/catalog/elektronika/smartfony/filter/nalichie-is-b8bb4b51-4472-11e7-8106-8ad906c0b3f3/'

[links_parser.py.main:262]  - All urls in "elektronika" parsed done! -

[links_parser.py.main:252] televizory-audio-video:
[links_parser.py.main:255] 	https://zvk.ru/catalog/televizory-audio-video/televizory/
[links_parser.py._parse:243] {'HYUNDAI': '4', 'KIVI': '15', 'SAMSUNG': '4', 'XIAOMI': '1'}
[links_parser.py._click_all_elements_in:221]  'Бренд': select all elements...
[links_parser.py._click_all_elements_in:221]  'Бренд': unselect all elements...
[links_parser.py.make_links:94]  row_url='https://zvk.ru/catalog/televizory-audio-video/televizory/filter/brand-is-hyundai-or-kivi-or-samsung-or-xiaomi/'

[links_parser.py.main:255] 	https://zvk.ru/catalog/televizory-audio-video/kronshteyny/
[links_parser.py._parse:243] {'В наличии': '195', 'Под заказ': '93'}
[links_parser.py._click_all_elements_in:221]  'Наличие': select all elements...
[links_parser.py._click_all_elements_in:221]  'Наличие': unselect all elements...
[links_parser.py.make_links:94]  row_url='https://zvk.ru/catalog/televizory-audio-video/kronshteyny/filter/nalichie-is-b8bb4b51-4472-11e7-8106-8ad906c0b3f3-or-b8bb4b50-4472-11e7-8106-8ad906c0b3f3/'

[links_parser.py.main:262]  - All urls in "televizory-audio-video" parsed done! -

[links_parser.py.main:252] prezentatsionnoe-oborudovanie:
[links_parser.py.main:255] 	https://zvk.ru/catalog/prezentatsionnoe-oborudovanie/kommercheskie-televizory/
[links_parser.py._parse:243] {'Гостиничный': '14', 'Коммерческий': '19'}
[links_parser.py._click_all_elements_in:221]  'Тип телевизора': select all elements...
[links_parser.py._click_all_elements_in:221]  'Тип телевизора': unselect all elements...
[links_parser.py.make_links:94]  row_url='https://zvk.ru/catalog/prezentatsionnoe-oborudovanie/kommercheskie-televizory/filter/televizor_tip-is-fbccc8fa6dc334a6f3c4c0dadfd2eb17-or-5f0beaebfe913c2d4b8f1cc41189168f/'

[links_parser.py._parse:243] {'ELITEBOARD': '1', 'LG': '23', 'PHILIPS': '2', 'SAMSUNG': '7'}
[links_parser.py._click_all_elements_in:221]  'Бренд': select all elements...
[links_parser.py._click_all_elements_in:221]  'Бренд': unselect all elements...
[links_parser.py.make_links:94]  row_url='https://zvk.ru/catalog/prezentatsionnoe-oborudovanie/kommercheskie-televizory/filter/brand-is-eliteboard/'

[links_parser.py.main:255] 	https://zvk.ru/catalog/prezentatsionnoe-oborudovanie/svetodiodnye-led-paneli-dlya-videosten/
[links_parser.py._parse:243] {'20" 50.8 см': '1', '25" 63.5 см': '1', '27" 68.58 см': '2', '44" 111.76 см': '1', 'Нет данных': '3'}
[links_parser.py._click_all_elements_in:221]  'Диагональ': select all elements...
[links_parser.py._click_all_elements_in:221]  'Диагональ': unselect all elements...
[links_parser.py.make_links:94]  row_url='https://zvk.ru/catalog/prezentatsionnoe-oborudovanie/svetodiodnye-led-paneli-dlya-videosten/filter/diagonal_ekranov-is-20-or-25-or-27-or-44-or-net_dannykh/'

[links_parser.py.main:255] 	https://zvk.ru/catalog/prezentatsionnoe-oborudovanie/proektory/
[links_parser.py._parse:243] {'Да': '239', 'Нет': '75', 'Нет данных': '4'}
[links_parser.py._click_all_elements_in:221]  'Поддержка 3D': select all elements...
[links_parser.py._click_all_elements_in:221]  'Поддержка 3D': unselect all elements...
[links_parser.py.make_links:94]  row_url='https://zvk.ru/catalog/prezentatsionnoe-oborudovanie/proektory/filter/proektory_podd3d-is-est-or-net-or-net_dannykh/'

[links_parser.py._parse:243] {'Да': '194', 'Нет': '48'}
[links_parser.py._click_all_elements_in:221]  'Широкоформатный': select all elements...
[links_parser.py._click_all_elements_in:221]  'Широкоформатный': unselect all elements...
[links_parser.py.make_links:94]  row_url='https://zvk.ru/catalog/prezentatsionnoe-oborudovanie/proektory/filter/proektory_shiroko-is-da/'

[links_parser.py._parse:243] {'Да': '46', 'Нет': '141', 'Нет данных': '2', 'Опция': '69'}
[links_parser.py._click_all_elements_in:221]  'WIFI': select all elements...
[links_parser.py._click_all_elements_in:221]  'WIFI': unselect all elements...
[links_parser.py.make_links:94]  row_url='https://zvk.ru/catalog/prezentatsionnoe-oborudovanie/proektory/filter/proektory_wifi-is-est-or-net-or-net_dannykh-or-opcionalno/'

[links_parser.py._parse:243] {'Да': '27', 'Нет': '215'}
[links_parser.py._click_all_elements_in:221]  'Поддержка HDR': select all elements...
[links_parser.py._click_all_elements_in:221]  'Поддержка HDR': unselect all elements...
[links_parser.py.make_links:94]  row_url='https://zvk.ru/catalog/prezentatsionnoe-oborudovanie/proektory/filter/proektory_poddhdr-is-4e57e0161c278fc02174f5ef15179912-or-4b999ee0aba0173e82ab2e111a00fa96/'

[links_parser.py._parse:243] {'Да': '196', 'Нет': '69', 'Нет данных': '9'}
[links_parser.py._click_all_elements_in:221]  'Поддержка HDTV': select all elements...
[links_parser.py._click_all_elements_in:221]  'Поддержка HDTV': unselect all elements...
[links_parser.py.make_links:94]  row_url='https://zvk.ru/catalog/prezentatsionnoe-oborudovanie/proektory/filter/proektory_hdtv-is-est-or-net-or-net_dannykh/'

[links_parser.py._parse:243] {'DLP': '60', 'DMD': '3', 'TFT': '4'}
[links_parser.py._click_all_elements_in:221]  'Тип матрицы': select all elements...
[links_parser.py._click_all_elements_in:221]  'Тип матрицы': unselect all elements...
[links_parser.py.make_links:94]  row_url='https://zvk.ru/catalog/prezentatsionnoe-oborudovanie/proektory/filter/paneli_tipmatricy-is-dlp-or-dmd-or-tft/'

[links_parser.py._parse:243] {'3LCD': '77', 'DLP': '152', 'DMD': '72'}
[links_parser.py._click_all_elements_in:221]  'Технология проекции': select all elements...
[links_parser.py._click_all_elements_in:221]  'Технология проекции': unselect all elements...
[links_parser.py.make_links:94]  row_url='https://zvk.ru/catalog/prezentatsionnoe-oborudovanie/proektory/filter/proektory_tehpro-is-bca5ced809380a609a0dfec2eb717f4a-or-44c7913cdbf269bc4a27b48a7e00974e-or-f5ca05d4b0befb99d31de30b07a53f9b/'

[links_parser.py._parse:243] {'В наличии': '70', 'Под заказ': '500'}
[links_parser.py._click_all_elements_in:221]  'Наличие': select all elements...
[links_parser.py._click_all_elements_in:221]  'Наличие': unselect all elements...
[links_parser.py.make_links:94]  row_url='https://zvk.ru/catalog/prezentatsionnoe-oborudovanie/proektory/filter/nalichie-is-b8bb4b51-4472-11e7-8106-8ad906c0b3f3-or-b8bb4b50-4472-11e7-8106-8ad906c0b3f3/'

[links_parser.py.main:255] 	https://zvk.ru/catalog/prezentatsionnoe-oborudovanie/professionalnye-paneli/
[links_parser.py._parse:243] {'ACER': '8', 'BENQ': '14', 'ELITEBOARD': '16', 'LG': '51', 'NEC': '42', 'PANASONIC': '29', 'PHILIPS': '38', 'SAMSUNG': '42', 'SHARP': '19', 'VIEWSONIC': '25'}
[links_parser.py._click_all_elements_in:221]  'Бренд': select all elements...
[links_parser.py._click_all_elements_in:221]  'Бренд': unselect all elements...
[links_parser.py.make_links:94]  row_url='https://zvk.ru/catalog/prezentatsionnoe-oborudovanie/professionalnye-paneli/filter/brand-is-acer-or-benq-or-eliteboard-or-lg-or-nec-or-panasonic-or-philips-or-samsung-or-sharp-or-viewsonic/'

[links_parser.py._parse:243] {'1000': '9', '1200': '1', '250': '3', '2500': '7', '260': '1', '300': '8', '3000': '7', '3300': '2', '350': '75', '400': '28', '4000': '7', '410': '2', '450': '41', '500': '59', '550': '1', '650': '2', '700': '29'}
[links_parser.py._click_all_elements_in:221]  'Яркость экрана, кд/м2': select all elements...
[links_parser.py._click_all_elements_in:221]  'Яркость экрана, кд/м2': unselect all elements...
[links_parser.py.make_links:94]  row_url='https://zvk.ru/catalog/prezentatsionnoe-oborudovanie/professionalnye-paneli/filter/yarkost_ekranov_new-is-1000-or-3300-or-550-or-650-or-700/'

[links_parser.py._parse:243] {'110" 279.4 см': '1', '120" 304.8 см': '2', '13.3" 33.78 см': '1', '130" 330.2 см': '1', '21.5" 54.61 см': '1', '24" 60.96 см': '3', '27" 68.58 см': '1', '27.6" 70.1 см': '1', '28" 71.12 см': '1', '31.5" 80.01 см': '4', '32" 81.28 см': '14', '35" 88.9 см': '1', '37" 93.98 см': '2', '38" 96.52 см': '1', '40" 101.6 см': '6', '42" 106.68 см': '5', '42.5" 107.95 см': '2', '42.51" 107.98 см': '2', '43" 109.22 см': '32', '46" 116.84 см': '3', '47" 119.38 см': '1', '48" 121.92 см': '8', '48.5" 123.19 см': '7', '49" 124.46 см': '20', '50" 127 см': '1', "50'' 125.7 см": '7', '54.6" 138.68 см': '9', '55" 139.7 см': '47', '60" 152.4 см': '2', '64.5" 163.83 см': '3', '65" 165.1 см': '25', '70" 177.8 см': '3', '74.5" 189.23 см': '1', '75" 190.5 см': '24', '78" 198 см': '2', '80" 203.2 см': '1', '82" 208.28 см': '2', '84" 213.36 см': '1', '85" 215.9 см': '5', '86" 218.44 см': '18', '88" 223.5 см': '1', '98" 248.92 см': '10', 'Нет данных': '1'}
[links_parser.py._click_all_elements_in:221]  'Диагональ': select all elements...
[links_parser.py._click_all_elements_in:221]  'Диагональ': unselect all elements...
[links_parser.py.make_links:94]  row_url='https://zvk.ru/catalog/prezentatsionnoe-oborudovanie/professionalnye-paneli/filter/diagonal_ekranov-is-130-or-27-or-31_5-or-32-or-35-or-37-or-38-or-40-or-42-or-42_5-or-42_51-or-43-or-46-or-47-or-48-or-48_5-or-49-or-50-or-1f3b1c063d2a47e62dc364ff640aa706-or-54_6-or-55-or-60-or-64_5-or-65-or-70-or-74_5-or-75-or-78-or-80-or-82-or-84-or-85-or-86-or-88-or-98-or-net_dannykh/'

[links_parser.py._parse:243] {'120x180': '0', '1366x768': '0', '1920 x 480': '0', '1920x130': '0', '1920x190': '1', '1920x360': '2', '1920x600': '0', '1920х1080': '6', '224х756': '1', '288x972': '1', '7680x4320': '1', '7860x4320': '1', '1920x540': '0', '3840x600': '0', '3840x1080': '0', '3840x2160': '12', '4096x2160': '0'}
[links_parser.py._click_all_elements_in:221]  'Разрешение экрана (пикселей)': select all elements...
[links_parser.py._click_all_elements_in:221]  'Разрешение экрана (пикселей)': unselect all elements...
[links_parser.py.make_links:94]  row_url='https://zvk.ru/catalog/prezentatsionnoe-oborudovanie/professionalnye-paneli/filter/diagonal_ekranov-is-110-or-120-or-13_3-or-21_5-or-24-or-27_6-or-28-or-70-or-74_5-or-78-or-80-or-82-or-84-or-85/display_resolution-is-120_180-or-1920_190-or-1920_360-or-1920_600-or-1920_1080-or-224_756-or-007ba552555d2ae174a6cee697c116be-or-61d52c684180ed65346cd32879129d99-or-7860_4320-or-1920_540-or-3840_600-or-3940_1080-or-3940_2160-or-4096_2160/'

[links_parser.py.main:255] 	https://zvk.ru/catalog/prezentatsionnoe-oborudovanie/interaktivnye-displei/
[links_parser.py._parse:243] {'BENQ': '12', 'ELITEBOARD': '2', 'IIYAMA': '2', 'IQ BOARD': '3', 'LG': '5', 'NEC': '10', 'PHILIPS': '6', 'SAMSUNG': '13', 'SHARP': '11', 'SMART': '21'}
[links_parser.py._click_all_elements_in:221]  'Бренд': select all elements...
[links_parser.py._click_all_elements_in:221]  'Бренд': unselect all elements...
[links_parser.py.make_links:94]  row_url='https://zvk.ru/catalog/prezentatsionnoe-oborudovanie/interaktivnye-displei/filter/brand-is-benq-or-eliteboard-or-iiyama-or-iq_board-or-lg-or-nec-or-philips-or-samsung-or-sharp-or-smart/'

[links_parser.py.main:255] 	https://zvk.ru/catalog/prezentatsionnoe-oborudovanie/displei-dlya-videosten/
[links_parser.py._parse:243] {'ELITEBOARD': '16', 'LG': '11', 'NEC': '9', 'PANASONIC': '2', 'PHILIPS': '6', 'SAMSUNG': '15', 'SHARP': '1'}
[links_parser.py._click_all_elements_in:221]  'Бренд': select all elements...
[links_parser.py._click_all_elements_in:221]  'Бренд': unselect all elements...
[links_parser.py.make_links:94]  row_url='https://zvk.ru/catalog/prezentatsionnoe-oborudovanie/displei-dlya-videosten/filter/brand-is-eliteboard-or-lg-or-nec-or-panasonic-or-philips-or-samsung-or-sharp/'

[links_parser.py.main:255] 	https://zvk.ru/catalog/prezentatsionnoe-oborudovanie/interaktivnye-doski/
[links_parser.py._parse:243] {'350': '5', '500': '1'}
[links_parser.py._click_all_elements_in:221]  'Яркость экрана, кд/м2': select all elements...
[links_parser.py._click_all_elements_in:221]  'Яркость экрана, кд/м2': unselect all elements...
[links_parser.py.make_links:94]  row_url='https://zvk.ru/catalog/prezentatsionnoe-oborudovanie/interaktivnye-doski/filter/yarkost_ekranov_new-is-350-or-500/'

[links_parser.py.main:262]  - All urls in "prezentatsionnoe-oborudovanie" parsed done! -

[links_parser.py.main:263]  -*- ALL CATEGORIES PARSED DONE! -*-
