{'BROTHER': '17', 'CANON': '40', 'EPSON': '40', 'HP': '55', 'KONICA-MINOLTA': '11', 'KYOCERA': '21', 'LEXMARK': '24', 'OKI': '40', 'PANTUM': '12', 'RICOH': '18', 'SHARP': '4', 'XEROX': '25'}
{'А4': '232', 'А3': '63', 'А0': '1', 'А2': '1', 'А6': '2'}
{'Лазерный': '178', 'Матричный': '26', 'Светодиодный': '46', 'Струйный': '51', 'Термопечать': '5'}
{'Цветной': '146', 'Черно-белый': '157'}
{'Есть': '234', 'Нет': '58', 'Опция': '4'}
{'Есть': '117', 'Опция': '57', 'Нет': '118'}
{'Есть': '207', 'Нет': '85', 'Опция': '1'}
{'Есть': '18', 'Нет': '212', 'Нет данных': '1'}
{'В наличии': '115', 'Под заказ': '192', 'Распродан': '1'}
{'BROTHER': '37', 'CANON': '95', 'EPSON': '36', 'HP': '99', 'KONICA-MINOLTA': '44', 'KYOCERA': '54', 'LEXMARK': '23', 'OKI': '13', 'PANTUM': '21', 'RICOH': '83', 'SHARP': '54', 'TOSHIBA': '31', 'XEROX': '139'}
{'А4': '323', 'А3': '393', 'А0': '8'}
{'Лазерный': '564', 'Светодиодный': '67', 'Струйный': '94'}
{'Цветной': '345', 'Черно-белый': '380'}
{'Есть': '652', 'Нет': '57', 'Нет данных': '1', 'Опция': '7'}
{'Есть': '259', 'Опция': '292', 'Нет': '134'}
{'Есть': '632', 'Нет': '72', 'Опция': '11'}
{'600x600': '82', '1200x600': '23', '1200x1200': '416', '1440x720': '1', '1800x600': '8', '2400x600': '39', '2400x1200': '61', '2400x2400': '22', '4800x600': '2', '4800x1200': '26', '4800x2400': '19', '5760x1440': '11', '6000x1200': '7', '9600x600': '2'}
{'Нет': '15', '600x600': '0', '1200x600': '0', '1200x1200': '0', '1800x600': '0', '2400x600': '15', '2400x1200': '47', '2400x2400': '14', '4800x600': '0', '4800x1200': '26', '4800x2400': '17', '5760x1440': '11', '6000x1200': '0', '9600x600': '0'}
{'BROTHER': '3', 'CANON': '3', 'HP': '4', 'OKI': '4', 'PANASONIC': '3', 'RICOH': '3', 'SAMSUNG': '4', 'SHARP': '3', 'XEROX': '4'}
{'В сервисном центре': '36', 'На выезде': '9'}
{'AVISION': '13', 'BROTHER': '6', 'CANON': '11', 'CONTEX': '1', 'EPSON': '11', 'FUJITSU': '4', 'HP': '11', 'KODAK': '10', 'PANASONIC': '4', 'ROWE': '7', 'XEROX': '5'}
{'А4': '58', 'А3': '9', 'А5': '2', 'А0': '2', 'А0+': '11', 'А1': '1'}
{'В наличии': '74', 'Под заказ': '156', 'Распродан': '1'}
{'CANON': '14', 'EPSON': '48', 'HP': '41', 'RICOH': '2', 'ROWE': '3'}
{'А0': '45', 'А0+': '30', 'А1': '28', 'А2': '3'}
{'Лазерный': '1', 'Струйный': '96'}
{'В наличии': '22', 'Под заказ': '91'}
{'BROTHER': '17', 'CANON': '124', 'EPSON': '13', 'HP': '3', 'KONICA-MINOLTA': '213', 'KYOCERA': '61', 'LEXMARK': '24', 'OKI': '6', 'RICOH': '46', 'SHARP': '146', 'TOSHIBA': '83', 'XEROX': '25'}
{'Автоподатчики и крышки': '30', 'Контроль печати': '52', 'Лотки и тумбы': '193', 'ПО': '67', 'Прочее': '306', 'Сетевое оборудование': '37', 'Финишеры': '53'}
{'А4': '60', 'А3': '106', 'А0': '5'}
{'В наличии': '506', 'Под заказ': '2314'}
{'CANON': '13', 'HP': '21', 'KONICA-MINOLTA': '53', 'KYOCERA': '10', 'OKI': '34', 'RICOH': '7', 'SAMSUNG': '1', 'SHARP': '36', 'XEROX': '14'}
{'А4': '10', 'А3': '6', 'А0': '2'}
{'В наличии': '3232', 'Под заказ': '10098'}
{'А4': '4', 'А3': '4'}
{'В наличии': '1'}
{'А4': '4', 'А3': '4'}
{'Цветной': '5', 'Черно-белый': '3'}
{'В наличии': '1'}
{'BURO': '14', 'CACTUS': '11', 'DELI': '3', 'DELL': '1', 'FELLOWES': '66', 'GEHA': '5', 'GLADWORK': '13', 'HAMA': '8', 'HSM': '15', 'KOBRA': '31', 'LEITZ': '8', 'NEW UNITED': '17', 'OFFICE KIT': '23', 'REXEL': '50', 'ГЕЛЕОС': '19'}
{'А4': '281', 'А3': '2'}
{'В наличии': '160', 'Под заказ': '211'}
{'GBC': '11', 'LEITZ': '11', 'ГЕЛЕОС': '10'}
{'А4': '14', 'А3': '18'}
{'В наличии': '17', 'Под заказ': '15'}
{'GBC': '36', 'ГЕЛЕОС': '3'}
{'А4': '33', 'А3': '5'}
{'В наличии': '11', 'Под заказ': '28'}
{'REXEL': '17', 'ГЕЛЕОС': '2'}
{'А4': '14', 'А3': '4', 'А2': '1'}
{'В наличии': '19'}
{'BROTHER': '17', 'EPSON': '55', 'G&G': '3'}
{'А4': '7'}
{'16 знаков x 1 строка': '2', '16 знаков x 4 строка': '1', '20 знаков x 3 строки': '1', 'ЖК-дисплей': '1', 'Нет': '3'}
{'BROTHER': '152', 'CANON': '279', 'EPSON': '123', 'HP': '720', 'KYOCERA': '313', 'LEXMARK': '34', 'OKI': '60', 'PANASONIC': '24', 'SAMSUNG': '191', 'SHARP': '7', 'TOSHIBA': '5', 'XEROX': '278'}
{'Black': '999', 'Cyan': '234', 'Magenta': '235', 'Yellow': '230', 'Grey': '3', 'Matte Black': '1', 'Photo Black': '1', 'Light Cyan': '4', 'Light Magenta': '4', 'Нет данных': '396', 'Color': '43', 'Gray': '1'}
{'Тонер-картридж/Туба с тонером': '0', 'Струйный картридж': '9', 'Драм-картридж': '0', 'Матричный картридж': '0', 'Бункер отработанного тонера': '0', 'Нет данных': '0'}
{'BROTHER': '308', 'CANON': '859', 'EPSON': '1048', 'HP': '1135', 'KONICA-MINOLTA': '699', 'KYOCERA': '355', 'LEXMARK': '543', 'OKI': '481', 'PANASONIC': '77', 'PANTUM': '17', 'RICOH': '630', 'RISO': '20', 'SAMSUNG': '203', 'SHARP': '262', 'TOSHIBA': '183', 'XEROX': '985'}
{'Black': '3093', 'Cyan': '1211', 'Magenta': '1202', 'Yellow': '1126', 'Photo Cyan': '17', 'Photo Magenta': '17', 'Green': '22', 'Grey': '78', 'Matte Black': '57', 'Photo Grey': '7', 'Photo Black': '25', 'Light Grey': '8', 'Light Cyan': '24', 'Light Magenta': '31', 'Light Black': '8', 'White': '39', 'Optimizer': '11', 'Нет данных': '80', 'Red': '15', 'Orange': '3', 'Chroma Optimizer': '10', 'Color': '324', 'Gold': '6', 'Gray': '13', 'Overcoat': '1', 'Pink': '1', 'Silver': '3', 'Violet': '4'}
{'Тонер-картридж/Туба с тонером': '2098', 'Струйный картридж': '1250', 'Драм-картридж': '334', 'Термопленка для факса': '0', 'Картридж гелевый': '12', 'Чернила': '106', 'Матричный картридж': '2', 'Печатающая головка': '38', 'Картридж-пленка': '4', 'Лента переноса изображения': '16', 'Блок проявки': '9', 'Бункер отработанного тонера': '32', 'Девелопер': '86', 'Картридж обслуживания': '8', 'Картридж со скрепками': '0', 'Наклейка ламинированная': '6', 'Нет данных': '16', 'Плёнка для наклеек': '2', 'Ремкомплект': '2', 'Риббон-картридж': '0', 'Твердые чернила': '36', 'Термотрансферная лента': '8', 'Фотобарабан': '2', 'Фотобаробан': '0', 'Фьюзер': '0'}
{'CACTUS': '2039', 'COLOURING': '590', 'EASYPRINT': '606', 'GALAPRINT': '703', 'HI-BLACK': '938', 'NETPRODUCT': '345', 'NVP': '96', 'OEM': '400', 'PROFILINE': '36', 'PROMEGA': '614', 'SUPERFINE': '1068'}
{'Black': '3637', 'Cyan': '929', 'Magenta': '918', 'Yellow': '878', 'Photo Cyan': '3', 'Photo Magenta': '2', 'Green': '1', 'Grey': '34', 'Matte Black': '21', 'Photo Black': '6', 'Light Grey': '2', 'Light Cyan': '27', 'Light Magenta': '26', 'Light Black': '8', 'Optimizer': '1', 'Нет данных': '716', 'Red': '2', 'Orange': '1', 'Chroma Optimizer': '1', 'Color': '221', 'gross': '1'}
{'Тонер-картридж/Туба с тонером': '2122', 'Струйный картридж': '967', 'Драм-картридж': '24', 'Чернила': '84', 'Матричный картридж': '16', 'Картридж-пленка': '0', 'Нет данных': '345'}
{'BROTHER': '76', 'CANON': '213', 'EPSON': '43', 'HP': '694', 'KYOCERA': '240', 'LEXMARK': '44', 'OKI': '177', 'SAMSUNG': '270', 'XEROX': '406'}
{'Black': '923', 'Cyan': '234', 'Magenta': '227', 'Yellow': '225'}
{'Под заказ': '2'}
{'Black': '19'}
{'Тонер-картридж/Туба с тонером': '7'}
{'CANON': '8', 'CLIO': '1', 'IQ': '5', 'LOMOND': '7', 'NAVIGATOR': '1', 'SVETO COPY': '2', 'XEROX': '12', 'ZOOM': '1'}
{'BROTHER': '1', 'CANON': '11', 'EPSON': '4', 'HP': '11', 'LOMOND': '12', 'XEROX': '156'}
{'A': '12'}
{'В наличии': '453', 'Под заказ': '454'}
{'BROTHER': '3', 'CANON': '6', 'EPSON': '31', 'HP': '20', 'LOMOND': '37'}
{'В наличии': '206', 'Под заказ': '101'}
{'В наличии': '1310', 'Под заказ': '3'}
{'Офисный': '104'}
{'ZVK': '104'}
{'Офисный': '104'}
{'AMD Radeon 530': '8', 'AMD Radeon 625': '12', 'AMD Radeon Pro 5300': 'AMD Radeon Pro 5500XT', '1': 'AMD Radeon Pro 560X', 'AMD Radeon RX 560': '4', 'NVIDIA GeForce GTX 1050': 'NVIDIA GeForce GTX 1650', '5': 'NVIDIA GeForce MX110', 'NVIDIA GeForce MX130': '4', 'NVIDIA GeForce MX330': 'Скрыть значения'}
{'AMD A6 9220e': '0', 'AMD A9 9425': '0', 'AMD Athlon Silver 3050U': 'AMD Ryzen 3 3200GE', '0': 'Intel Pentium J5005', '': 'AMD Ryzen 3 4300U', '1': 'Intel Core i3 10100T', 'Intel Core i5 1035G1': '1', 'Intel Core i5 1035G4': '0', 'Intel Core i5 10400T': '0', 'Intel Core i5 10500': '0', 'Intel Core i5 10600': '0', 'Intel Core i5 1135G7': '0', 'Intel Core i5 8265U': '2', 'Intel Core i5 8400T': '0', 'Intel Core i5 8500T': '0', 'Intel Core i5 8600': '0', 'Intel Core i5 9400': 'Intel Core i5 9400T', 'Intel Core i5 9600': '0', 'Intel Core i7 10510U': '0', 'Intel Core i7 10700': '0', 'Intel Core i7 10700K': '0', 'Intel Core i7 1165G7': '0', 'Intel Core i7 8550U': '0', 'Intel Core i7 8700': '0', 'Intel Core i7 8700T': '0', 'Intel Core i7 8750H': 'Intel Core i7 9700', 'Intel Pentium 4405U': '0', 'Intel Pentium 6400': '0', 'Intel Pentium G4400T': '0', 'Intel Pentium G6400': 'Intel Pentium Gold G5400', 'Intel Pentium Gold G5420T': '0', 'Intel Pentium Gold G5620': 'Intel Pentium Gold G6400T', 'Intel Pentium Silver J5040': '0'}
{'ACER': '220', 'AOC': '104', 'ASUS': '137', 'BENQ': '79', 'DELL': '89', 'HP': '104', 'IIYAMA': '69', 'LENOVO': '93', 'LG': '76', 'NEC': '57', 'PHILIPS': '142', 'SAMSUNG': '63', 'VIEWSONIC': '55'}
{'1000': '8', '1200': '1', '200': '44', '220': '3', '240': '1', '250': '482', '260': '2', '270': '2', '290': '1', '300': '189', '320': '8', '330': '2', '350': '160', '370': '1', '400': '96', '430': '1', '440': '2', '450': '20', '500': '2', '550': '1', '600': '7', '750': '2'}
{'14" 35.56 см': '0', '15" 38.1 см': '1', '15.6" 39.6 см': '0', '17" 43.18 см': '1', '17.3" 43.9 см': '1', '18.5" 46.99 см': '0', '18.9" 48.01 см': '0', '19" 48.26 см': '0', '19.5" 49.53 см': '0', '20" 50.8 см': '0', '20.7" 52.58 см': '0', '21" 53.34 см': '2', '21.5" 54.61 см': '0', '22" 55.88 см': '0', '22.5" 57.15 см': '0', '23" 58.42 см': '2', '23.5" 59.69 см': '0', '23.6" 59.94 см': '9', '23.8" 60.45 см': '23', '24" 60.96 см': '33', '24.1" 61.21 см': '6', '24.5" 62.23 см': '4', '25" 63.5 см': '11', '27" 68.58 см': '157', '27.6" 70.1 см': '0', '27.9"68.58 см': '1', '28" 71.12 см': '15', '29" 73.66 см': '3', '29.5" 74.93 см': '1', '30" 76.2 см': '1', '31" 80 см': '2', '31.1" 78.99 см': '0', '31.5" 80.01 см': '41', '32" 81.28 см': '7', '34" 86.36 см': '31', '34.1" 86.61 см': '2', '35" 88.9 см': '8', '37.5" 95.25 см': '7', '38" 96.52 см': '1', '42.5" 107.95 см': '1', '42.51" 107.98 см': '1', '43" 109.22 см': '4', '43.4"110.24 см': '5', '48.5" 123.19 см': '1', '48.8" 123.95 см': '4', '49" 124.46 см': '5', '55" 139.7 см': '4', '64.5" 163.83 см': '0', '65" 165.1 см': '0', '69.51" 176.56 см': '1', '74.5" 189.23 см': '0', '85.6" 217.42 см': '0'}
{'ACER': '799', 'ALIENWARE': '10', 'APPLE': '51', 'ASUS': '613', 'DELL': '667', 'HP': '945', 'LENOVO': '1008', 'MSI': '204'}
{'Intel': '3673', 'AMD': '860', 'Apple': '8'}
{'В наличии': '5', 'Под заказ': '3'}
{'IRBIS': '1', 'TURBO': '7'}
{'ALLIED TELESIS': '2', 'AMD': '98', 'ASROCK': '54', 'ASUS': '260', 'DELL': '9', 'GIGABYTE': '217', 'INTEL': '359', 'MSI': '174', 'PALIT': '83', 'PILOT': '2', 'SAPPHIRE': '32'}
{'2': '1', '3': '4', '4': '2', 'DUAL-RTX2070-8G': '1', 'PCI Express 3.0': '3', 'PCI Express Gen 4': '1', 'PCI-E': '3', 'PCI-E 16x 2.0': '8', 'PCI-E 16x 2.1': '1', 'PCI-E 16x 3.0': '249', 'PCI-E 16x 4.0': '33', 'PCI-E 2.0': '13', 'PCI-E 2.1': '2', 'PCI-E 3.0': '198', 'PCI-E 4.0': '15', 'PCI-E 4x 3.0': '2', 'PCI-E 8x 2.0': '9', 'PCI-E 8x 3.0': '5', 'PCI-E v2.1': '1', 'PCI-E v3.0': '2', 'RX560-O4G': '1'}
{'2048x1536': '1', '2560x1600': '12', '2560х1600': '2', '4096x2160': '53', '5120x2880': '35', '5120x3200': '1', '7680 x 4320': '1', '7680 х 4320': '3', '7680x4320': '442'}
{'AMD Radeon HD 6450': '0', 'AMD Radeon Pro WX 3100': '0', 'AMD Radeon R5 230': '0', 'AMD Radeon R7 240': '0', 'AMD Radeon RX 550': '0', 'AMD Radeon RX 5500 XT': '0', 'AMD Radeon RX 560': '0', 'AMD Radeon RX 5600 XT': '0', 'AMD Radeon RX 570': '0', 'AMD Radeon RX 5700': '0', 'AMD Radeon RX 5700 XT': '0', 'AMD Radeon RX 580': '0', 'AMD Radeon RX 590': '0', 'GeForce 210': '0', 'GeForce GT 1030': '0', 'GeForce GT 710': '0', 'GeForce GT 730': '0', 'GeForce GTX 1050': '0', 'GeForce GTX 1050 Ti': '0', 'GeForce GTX 1060': '0', 'GeForce GTX 1070': '0', 'GeForce GTX 1070 Ti': '0', 'GeForce GTX 1080': '0', 'GeForce GTX 1080 TI': '0', 'GeForce GTX 1650': '0', 'GeForce GTX 1650 SUPER': '0', 'GeForce GTX 1660': '0', 'GeForce GTX 1660 SUPER': '0', 'GeForce GTX 1660 Ti': '0', 'GeForce GTX 1660TI': '1', 'GeForce RTX 2060': '0', 'GeForce RTX 2060 Super': '0', 'GeForce RTX 2070': '0', 'GeForce RTX 2070 Super': '1', 'GeForce RTX 2080': '0', 'GeForce RTX 2080 Super': '0', 'GeForce RTX 2080 Ti': '0', 'GP107': '0', 'NVIDIA GeForce GT 1030': '0', 'NVIDIA GeForce GT 710': '0', 'NVIDIA GeForce GT 730': '0', 'NVIDIA GeForce GTX 1050': '0', 'NVIDIA GeForce GTX 1050 Ti': '0', 'NVIDIA GeForce GTX 1060': '0', 'NVIDIA GeForce GTX 1650': '0', 'NVIDIA GeForce GTX 1650 SUPER': '0', 'NVIDIA GeForce GTX 1660': '1', 'NVIDIA GeForce GTX 1660 SUPER': '0', 'NVIDIA GeForce GTX 1660 Ti': '0', 'NVIDIA GeForce RTX 2060': '0', 'NVIDIA GeForce RTX 2060 SUPER': '0', 'NVIDIA GeForce RTX 2070': '0', 'NVIDIA GeForce RTX 2070 SUPER': '0', 'NVIDIA GeForce RTX 2080': '0', 'NVIDIA GeForce RTX 2080 SUPER': '0', 'NVIDIA GeForce RTX 2080 Ti': '0', 'NVIDIA GeForce RTX 3060': '1', 'NVIDIA GeForce RTX 3070': '0', 'NVIDIA Quadro P1000': '0', 'NVIDIA Quadro P2000': '1', 'nVidia Quadro P4000': '0', 'Polaris 11': '0', 'Quadro P620': '0', 'Quadro RTX 4000': '0', 'Radeon HD 5450': '0', 'Radeon R5 230': '0', 'Radeon RX 460': '0', 'Radeon RX 470': '0', 'Radeon RX 550': '0', 'Radeon RX 5500XT': '0', 'Radeon RX 560': '0', 'Radeon RX 5600 XT': '0', 'Radeon RX 570': '0', 'Radeon RX 5700': '0', 'Radeon RX 5700 XT': '0', 'Radeon RX 580': '0', 'Radeon RX 590': '0'}
{'A-DATA': '1', 'AMD': '1', 'CORSAIR': '1', 'CRUCIAL': '1', 'HYNIX': '1', 'KINGMAX': '1', 'KINGSTON': '1', 'PATRIOT': '1', 'SILICON POWER': '1', 'TRANSCEND': '1'}
{'В наличии': '288', 'Под заказ': '713'}
{'AMD': '100', 'INTEL': '356'}
{'ALLIED TELESIS': '2', 'AMD': '98', 'INTEL': '356'}
{'В наличии': '121', 'Под заказ': '400'}
{'A-DATA': '22', 'CORSAIR': '1', 'CRUCIAL': '9', 'GOODRAM': '1', 'INTEL': '27', 'KINGSTON': '1', 'PATRIOT': '6', 'PLEXTOR': '17', 'SAMSUNG': '18', 'SANDISK': '8', 'SEAGATE': '1', 'TOSHIBA': '1', 'TRANSCEND': '11', 'WD': '16'}
{'INTEL': '1'}
{'В наличии': '264', 'Под заказ': '557'}
{'В наличии': '239', 'Под заказ': '308'}
{'В наличии': '195', 'Под заказ': '337'}
{'В наличии': '201', 'Под заказ': '200'}
{'В наличии': '107', 'Под заказ': '167'}
{'AM3+': '6', 'AM4': '78', 'FCBGA1090': '4', 'FCBGA1170': '4', 'LGA1150': '5', 'LGA1151': '19', 'LGA1151 v2': '128', 'LGA1155': '4', 'LGA1200': '14', 'LGA2066': '9', 'sTRX4': '3', 'TR4': '5'}
{'ATX': '132', 'EATX': '7', 'microATX': '119', 'mini-ITX': '25', 'thin mini-ITX': '3'}
{'Да': '135', 'Нет': '21'}
{'DDR3 DIMM': '15', 'DDR3 SO-DIMM': '2', 'DDR3/DDR3L DIMM': '1', 'DDR3L SO-DIMM': '4', 'DDR4 DIMM': '256', 'DDR4 SO-DIMM': '6', 'DDR4 UDIMM': '1'}
{'Есть': '17', 'Нет': '263'}
{'AMD': '90', 'Intel': '190'}
{'PCI-E': '3', 'PCI-E 4.0/3.0': '2', 'PCI-E/SATA 3.0': '236'}
{'Есть': '16', 'Нет': '179'}
{'ATI Radeon HD3000': '3', 'Intel GMA 3150': '1', 'Intel HD': '9'}
{'ASROCK': '49', 'ASUS': '107', 'GIGABYTE': '70', 'INTEL': '2', 'MSI': '52'}
{'В наличии': '82', 'Под заказ': '436'}
{'PURGE TECHNOLOGY': '51', 'SVT': '1', 'АРГАТА': '12', 'ГРИТТО': '6', 'КАРМА': '34', 'ЭКО-Р': '17'}
{'100 Вт 1 лампа 100Вт': '2', '120 4 лампы по 30Вт': '4', '120 Вт 2 лампы по 60Вт': '1', '120 Вт 4 лампы по 30Вт': '11', '15 Вт 1 лампа 15Вт': '14', '150 Вт 1 лампа 150Вт': '1', '180 Вт 6 ламп по 30Вт': '4', '2,5 Вт 1 лампа 2,5Вт': '2', '240 Вт 4 лампы по 60Вт': '1', '240 Вт 8 ламп по 30Вт': '2', '275 Вт 5 ламп по 55Вт': '1', '30 1 лампа 30Вт': '2', '30 2 лампы по 15Вт': '2', '30 Вт 1 лампа 30Вт': '12', '30 Вт 2 лампы по 15 Вт': '1', '30 Вт 2 лампы по 15Вт': '10', '300 Вт 10 ламп по 30Вт': '2', '40 Вт 1 лампа 40Вт': '1', '420 Вт 14 ламп по 30Вт': '2', '45 3 лампы по 15Вт': '1', '45 Вт 1 лампа 45Вт': '2', '45 Вт 3 лампы по 15Вт': '7', '48 1 лампа 48Вт': '1', '5 Вт 1 лампа 5Вт': '2', '60 2 лампы по 30Вт': '4', '60 Вт 1 лампа 60Вт': '2', '60 Вт 2 лампы по 30Вт': '17', '600 Вт 10 ламп по 60Вт': '1', '65 Вт 1 лампа 65Вт': '1', '90 Вт 3 лампы по 30Вт': '3'}
{'253,7': '0', '253,7 нм': '18', '253.7 нм': '19', '254 нм': '7', '275 нм': '0'}
{'PURGE TECHNOLOGY': '5', 'КАРМА': '6'}
{'В наличии': '5', 'Под заказ': '6'}
{'В наличии': '7', 'Под заказ': '1'}
{'Одноразовая': '5'}
{'3': '5'}
{'СМС Спанбонд, Мельтблаун, Спанбонд': '4', 'СС Спанбонд, Спанбонд': '1'}
{'Есть': '5'}
{'Нет': '5'}
{'ГОСТ Р 58396-2019': '5'}
{'175x95': '5'}
{'Распродан': '2'}
{'6.2': '8', '6.7': '6', '6.8': '4'}
{'2400x1080': '14', '3200x1440': '4'}
{'12': '4', '8': '14'}
{'128': '9', '256': '9'}
{'3': '14', '4': '4'}
{'2SIM': '18'}
{'4000': '8', '4800': '6', '5000': '4'}
{'Есть': '18'}
{'Белый': '2', 'Розовый': '2', 'Серебряный': '5', 'Серый': '2', 'Фиолетовый': '3', 'Черный': '4'}
{'В наличии': '18'}
{'HYUNDAI': '4', 'KIVI': '15', 'SAMSUNG': '4', 'XIAOMI': '1'}
{'В наличии': '195', 'Под заказ': '93'}
{'Гостиничный': '14', 'Коммерческий': '19'}
{'ELITEBOARD': '1', 'LG': '23', 'PHILIPS': '2', 'SAMSUNG': '7'}
{'20" 50.8 см': '1', '25" 63.5 см': '1', '27" 68.58 см': '2', '44" 111.76 см': '1', 'Нет данных': '3'}
{'Да': '239', 'Нет': '75', 'Нет данных': '4'}
{'Да': '194', 'Нет': '48'}
{'Да': '46', 'Нет': '141', 'Нет данных': '2', 'Опция': '69'}
{'Да': '27', 'Нет': '215'}
{'Да': '196', 'Нет': '69', 'Нет данных': '9'}
{'DLP': '60', 'DMD': '3', 'TFT': '4'}
{'3LCD': '77', 'DLP': '152', 'DMD': '72'}
{'В наличии': '70', 'Под заказ': '500'}
{'ACER': '8', 'BENQ': '14', 'ELITEBOARD': '16', 'LG': '51', 'NEC': '42', 'PANASONIC': '29', 'PHILIPS': '38', 'SAMSUNG': '42', 'SHARP': '19', 'VIEWSONIC': '25'}
{'1000': '9', '1200': '1', '250': '3', '2500': '7', '260': '1', '300': '8', '3000': '7', '3300': '2', '350': '75', '400': '28', '4000': '7', '410': '2', '450': '41', '500': '59', '550': '1', '650': '2', '700': '29'}
{'110" 279.4 см': '1', '120" 304.8 см': '2', '13.3" 33.78 см': '1', '130" 330.2 см': '1', '21.5" 54.61 см': '1', '24" 60.96 см': '3', '27" 68.58 см': '1', '27.6" 70.1 см': '1', '28" 71.12 см': '1', '31.5" 80.01 см': '4', '32" 81.28 см': '14', '35" 88.9 см': '1', '37" 93.98 см': '2', '38" 96.52 см': '1', '40" 101.6 см': '6', '42" 106.68 см': '5', '42.5" 107.95 см': '2', '42.51" 107.98 см': '2', '43" 109.22 см': '32', '46" 116.84 см': '3', '47" 119.38 см': '1', '48" 121.92 см': '8', '48.5" 123.19 см': '7', '49" 124.46 см': '20', '50" 127 см': '1', "50'' 125.7 см": '7', '54.6" 138.68 см': '9', '55" 139.7 см': '47', '60" 152.4 см': '2', '64.5" 163.83 см': '3', '65" 165.1 см': '25', '70" 177.8 см': '3', '74.5" 189.23 см': '1', '75" 190.5 см': '24', '78" 198 см': '2', '80" 203.2 см': '1', '82" 208.28 см': '2', '84" 213.36 см': '1', '85" 215.9 см': '5', '86" 218.44 см': '18', '88" 223.5 см': '1', '98" 248.92 см': '10', 'Нет данных': '1'}
{'120x180': '0', '1366x768': '0', '1920 x 480': '0', '1920x130': '0', '1920x190': '1', '1920x360': '2', '1920x600': '0', '1920х1080': '6', '224х756': '1', '288x972': '1', '7680x4320': '1', '7860x4320': '1', '1920x540': '0', '3840x600': '0', '3840x1080': '0', '3840x2160': '12', '4096x2160': '0'}
{'BENQ': '12', 'ELITEBOARD': '2', 'IIYAMA': '2', 'IQ BOARD': '3', 'LG': '5', 'NEC': '10', 'PHILIPS': '6', 'SAMSUNG': '13', 'SHARP': '11', 'SMART': '21'}
{'ELITEBOARD': '16', 'LG': '11', 'NEC': '9', 'PANASONIC': '2', 'PHILIPS': '6', 'SAMSUNG': '15', 'SHARP': '1'}
{'350': '5', '500': '1'}
